2024-08-01 21:35:37,255 - info.log - INFO - Clave "habitaculo" actualizada en la sección "valores" con el valor: cocina (<class 'str'>)
2024-08-01 21:35:37,255 - info.log - INFO - Clave "temperatura" actualizada en la sección "valores" con el valor: 31.49 (<class 'float'>)
2024-08-01 21:35:37,262 - info.log - INFO - Clave "humedad" actualizada en la sección "valores" con el valor: 45.72 (<class 'float'>)
2024-08-01 21:48:27,705 - generation.log - INFO - Clave "habitaculo" actualizada en la sección "valores" con el valor: cocina (<class 'str'>)
2024-08-01 21:48:27,707 - generation.log - INFO - Clave "temperatura" actualizada en la sección "valores" con el valor: 30.25 (<class 'float'>)
2024-08-01 21:48:27,707 - generation.log - INFO - Clave "humedad" actualizada en la sección "valores" con el valor: 50.75 (<class 'float'>)
2024-08-01 22:04:01,387 - generación - INFO - Clave "habitaculo" actualizada en la sección "valores" con el valor: cocina (<class 'str'>)
2024-08-01 22:04:01,388 - generación - INFO - Clave "temperatura" actualizada en la sección "valores" con el valor: 31.3 (<class 'float'>)
2024-08-01 22:04:01,388 - generación - INFO - Clave "humedad" actualizada en la sección "valores" con el valor: 53.16 (<class 'float'>)
2024-08-01 22:05:18,967 - generación - INFO - Clave "habitaculo" actualizada en la sección "valores" con el valor: cocina (<class 'str'>)
2024-08-01 22:05:18,967 - generación - INFO - Clave "temperatura" actualizada en la sección "valores" con el valor: 31.7 (<class 'float'>)
2024-08-01 22:05:18,968 - generación - INFO - Clave "humedad" actualizada en la sección "valores" con el valor: 47.07 (<class 'float'>)
2024-08-03 13:06:22,181 - generación - INFO - Clave "habitaculo" actualizada en la sección "valores" con el valor: cocina (<class 'str'>)
2024-08-03 13:06:22,182 - generación - INFO - Clave "temperatura" actualizada en la sección "valores" con el valor: 30.01 (<class 'float'>)
2024-08-03 13:06:22,182 - generación - INFO - Clave "humedad" actualizada en la sección "valores" con el valor: 40.55 (<class 'float'>)
2024-08-03 13:06:45,001 - generación - INFO - Clave "habitaculo" actualizada en la sección "valores" con el valor: cocina (<class 'str'>)
2024-08-03 13:06:45,003 - generación - INFO - Clave "temperatura" actualizada en la sección "valores" con el valor: 31.37 (<class 'float'>)
2024-08-03 13:06:45,004 - generación - INFO - Clave "humedad" actualizada en la sección "valores" con el valor: 41.08 (<class 'float'>)
2024-08-03 13:08:20,970 - generación - INFO - Clave "habitaculo" actualizada en la sección "valores" con el valor: cocina (<class 'str'>)
2024-08-03 13:08:20,972 - generación - INFO - Clave "temperatura" actualizada en la sección "valores" con el valor: 30.95 (<class 'float'>)
2024-08-03 13:08:20,973 - generación - INFO - Clave "humedad" actualizada en la sección "valores" con el valor: 48.72 (<class 'float'>)
2024-08-03 13:09:01,944 - generación - INFO - Clave "habitaculo" actualizada en la sección "valores" con el valor: cocina (<class 'str'>)
2024-08-03 13:09:01,948 - generación - INFO - Clave "temperatura" actualizada en la sección "valores" con el valor: 31.6 (<class 'float'>)
2024-08-03 13:09:01,948 - generación - INFO - Clave "humedad" actualizada en la sección "valores" con el valor: 35.74 (<class 'float'>)
2024-08-03 13:22:56,851 - generación - INFO - Clave "habitaculo" actualizada en la sección "valores" con el valor: cocina (<class 'str'>)
2024-08-03 13:22:56,853 - generación - INFO - Clave "temperatura" actualizada en la sección "valores" con el valor: 30.64 (<class 'float'>)
2024-08-03 13:22:56,854 - generación - INFO - Clave "humedad" actualizada en la sección "valores" con el valor: 44.55 (<class 'float'>)
2024-08-03 16:26:12,302 - generación - INFO - Clave "habitaculo" actualizada en la sección "valores" con el valor: cocina (<class 'str'>)
2024-08-03 16:26:12,305 - generación - INFO - Clave "temperatura" actualizada en la sección "valores" con el valor: 31.17 (<class 'float'>)
2024-08-03 16:26:12,305 - generación - INFO - Clave "humedad" actualizada en la sección "valores" con el valor: 55.19 (<class 'float'>)
2024-08-03 16:30:39,735 - generación - INFO - Clave "habitaculo" actualizada en la sección "valores" con el valor: cocina (<class 'str'>)
2024-08-03 16:30:39,738 - generación - INFO - Clave "temperatura" actualizada en la sección "valores" con el valor: 31.53 (<class 'float'>)
2024-08-03 16:30:39,738 - generación - INFO - Clave "humedad" actualizada en la sección "valores" con el valor: 51.0 (<class 'float'>)
2024-08-03 16:31:05,658 - generación - INFO - Clave "habitaculo" actualizada en la sección "valores" con el valor: cocina (<class 'str'>)
2024-08-03 16:31:05,659 - generación - INFO - Clave "temperatura" actualizada en la sección "valores" con el valor: 34.92 (<class 'float'>)
2024-08-03 16:31:05,660 - generación - INFO - Clave "humedad" actualizada en la sección "valores" con el valor: 40.6 (<class 'float'>)
2024-08-03 16:31:28,792 - generación - INFO - Clave "habitaculo" actualizada en la sección "valores" con el valor: cocina (<class 'str'>)
2024-08-03 16:31:28,794 - generación - INFO - Clave "temperatura" actualizada en la sección "valores" con el valor: 34.82 (<class 'float'>)
2024-08-03 16:31:28,794 - generación - INFO - Clave "humedad" actualizada en la sección "valores" con el valor: 41.19 (<class 'float'>)
2024-08-03 16:33:42,128 - generación - INFO - Clave "habitaculo" actualizada en la sección "valores" con el valor: cocina (<class 'str'>)
2024-08-03 16:33:42,130 - generación - INFO - Clave "temperatura" actualizada en la sección "valores" con el valor: 35.72 (<class 'float'>)
2024-08-03 16:33:42,130 - generación - INFO - Clave "humedad" actualizada en la sección "valores" con el valor: 43.35 (<class 'float'>)
2024-08-03 16:39:06,098 - generación - INFO - Clave "habitaculo" actualizada en la sección "valores" con el valor: cocina (<class 'str'>)
2024-08-03 16:39:06,101 - generación - INFO - Clave "temperatura" actualizada en la sección "valores" con el valor: 34.8 (<class 'float'>)
2024-08-03 16:39:06,101 - generación - INFO - Clave "humedad" actualizada en la sección "valores" con el valor: 45.05 (<class 'float'>)
2024-08-03 16:40:19,191 - generación - INFO - Clave "habitaculo" actualizada en la sección "valores" con el valor: cocina (<class 'str'>)
2024-08-03 16:40:19,193 - generación - INFO - Clave "temperatura" actualizada en la sección "valores" con el valor: 36.36 (<class 'float'>)
2024-08-03 16:40:19,193 - generación - INFO - Clave "humedad" actualizada en la sección "valores" con el valor: 45.98 (<class 'float'>)
2024-08-03 16:43:57,143 - generación - INFO - Clave "habitaculo" actualizada en la sección "valores" con el valor: cocina (<class 'str'>)
2024-08-03 16:43:57,145 - generación - INFO - Clave "temperatura" actualizada en la sección "valores" con el valor: 36.24 (<class 'float'>)
2024-08-03 16:43:57,146 - generación - INFO - Clave "humedad" actualizada en la sección "valores" con el valor: 54.13 (<class 'float'>)
2024-08-03 16:46:15,867 - generación - INFO - Clave "habitaculo" actualizada en la sección "valores" con el valor: cocina (<class 'str'>)
2024-08-03 16:46:15,869 - generación - INFO - Clave "temperatura" actualizada en la sección "valores" con el valor: 36.39 (<class 'float'>)
2024-08-03 16:46:15,869 - generación - INFO - Clave "humedad" actualizada en la sección "valores" con el valor: 50.69 (<class 'float'>)
2024-08-03 16:47:36,287 - generación - INFO - Clave "habitaculo" actualizada en la sección "valores" con el valor: cocina (<class 'str'>)
2024-08-03 16:47:36,291 - generación - INFO - Clave "temperatura" actualizada en la sección "valores" con el valor: 36.21 (<class 'float'>)
2024-08-03 16:47:36,291 - generación - INFO - Clave "humedad" actualizada en la sección "valores" con el valor: 48.92 (<class 'float'>)
2024-08-03 16:47:46,204 - generación - INFO - Clave "habitaculo" actualizada en la sección "valores" con el valor: cocina (<class 'str'>)
2024-08-03 16:47:46,206 - generación - INFO - Clave "temperatura" actualizada en la sección "valores" con el valor: 36.59 (<class 'float'>)
2024-08-03 16:47:46,206 - generación - INFO - Clave "humedad" actualizada en la sección "valores" con el valor: 54.64 (<class 'float'>)
2024-08-03 16:48:34,714 - generación - INFO - Clave "habitaculo" actualizada en la sección "valores" con el valor: cocina (<class 'str'>)
2024-08-03 16:48:34,716 - generación - INFO - Clave "temperatura" actualizada en la sección "valores" con el valor: 36.32 (<class 'float'>)
2024-08-03 16:48:34,717 - generación - INFO - Clave "humedad" actualizada en la sección "valores" con el valor: 46.45 (<class 'float'>)
2024-08-03 16:49:22,808 - generación - INFO - Clave "habitaculo" actualizada en la sección "valores" con el valor: cocina (<class 'str'>)
2024-08-03 16:49:22,810 - generación - INFO - Clave "temperatura" actualizada en la sección "valores" con el valor: 35.16 (<class 'float'>)
2024-08-03 16:49:22,810 - generación - INFO - Clave "humedad" actualizada en la sección "valores" con el valor: 46.53 (<class 'float'>)
2024-08-03 16:54:13,303 - generación - INFO - Clave "habitaculo" actualizada en la sección "valores" con el valor: cocina (<class 'str'>)
2024-08-03 16:54:13,304 - generación - INFO - Clave "temperatura" actualizada en la sección "valores" con el valor: 35.94 (<class 'float'>)
2024-08-03 16:54:13,304 - generación - INFO - Clave "humedad" actualizada en la sección "valores" con el valor: 55.79 (<class 'float'>)
2024-08-03 17:10:15,789 - generación - INFO - Clave "habitaculo" actualizada en la sección "valores" con el valor: cocina (<class 'str'>)
2024-08-03 17:10:15,791 - generación - INFO - Clave "temperatura" actualizada en la sección "valores" con el valor: 36.59 (<class 'float'>)
2024-08-03 17:10:15,791 - generación - INFO - Clave "humedad" actualizada en la sección "valores" con el valor: 44.57 (<class 'float'>)
2024-08-03 17:10:55,429 - generación - INFO - Clave "habitaculo" actualizada en la sección "valores" con el valor: cocina (<class 'str'>)
2024-08-03 17:10:55,432 - generación - INFO - Clave "temperatura" actualizada en la sección "valores" con el valor: 35.98 (<class 'float'>)
2024-08-03 17:10:55,432 - generación - INFO - Clave "humedad" actualizada en la sección "valores" con el valor: 56.47 (<class 'float'>)
2024-08-03 17:11:52,001 - generación - INFO - Clave "habitaculo" actualizada en la sección "valores" con el valor: cocina (<class 'str'>)
2024-08-03 17:11:52,003 - generación - INFO - Clave "temperatura" actualizada en la sección "valores" con el valor: 35.65 (<class 'float'>)
2024-08-03 17:11:52,004 - generación - INFO - Clave "humedad" actualizada en la sección "valores" con el valor: 37.56 (<class 'float'>)
2024-08-03 17:12:09,614 - generación - INFO - Clave "habitaculo" actualizada en la sección "valores" con el valor: cocina (<class 'str'>)
2024-08-03 17:12:09,616 - generación - INFO - Clave "temperatura" actualizada en la sección "valores" con el valor: 35.93 (<class 'float'>)
2024-08-03 17:12:09,617 - generación - INFO - Clave "humedad" actualizada en la sección "valores" con el valor: 42.6 (<class 'float'>)
2024-08-03 17:12:46,631 - generación - INFO - Clave "habitaculo" actualizada en la sección "valores" con el valor: cocina (<class 'str'>)
2024-08-03 17:12:46,633 - generación - INFO - Clave "temperatura" actualizada en la sección "valores" con el valor: 34.96 (<class 'float'>)
2024-08-03 17:12:46,633 - generación - INFO - Clave "humedad" actualizada en la sección "valores" con el valor: 50.09 (<class 'float'>)
2024-08-03 17:13:22,860 - generación - INFO - Clave "habitaculo" actualizada en la sección "valores" con el valor: cocina (<class 'str'>)
2024-08-03 17:13:22,862 - generación - INFO - Clave "temperatura" actualizada en la sección "valores" con el valor: 35.55 (<class 'float'>)
2024-08-03 17:13:22,863 - generación - INFO - Clave "humedad" actualizada en la sección "valores" con el valor: 46.7 (<class 'float'>)
2024-08-03 17:14:15,675 - generación - INFO - Clave "habitaculo" actualizada en la sección "valores" con el valor: cocina (<class 'str'>)
2024-08-03 17:14:15,677 - generación - INFO - Clave "temperatura" actualizada en la sección "valores" con el valor: 35.42 (<class 'float'>)
2024-08-03 17:14:15,678 - generación - INFO - Clave "humedad" actualizada en la sección "valores" con el valor: 54.28 (<class 'float'>)
2024-08-03 17:14:26,844 - generación - INFO - Clave "habitaculo" actualizada en la sección "valores" con el valor: cocina (<class 'str'>)
2024-08-03 17:14:26,845 - generación - INFO - Clave "temperatura" actualizada en la sección "valores" con el valor: 34.91 (<class 'float'>)
2024-08-03 17:14:26,846 - generación - INFO - Clave "humedad" actualizada en la sección "valores" con el valor: 32.78 (<class 'float'>)
2024-08-03 17:14:32,516 - generación - INFO - Clave "habitaculo" actualizada en la sección "valores" con el valor: cocina (<class 'str'>)
2024-08-03 17:14:32,518 - generación - INFO - Clave "temperatura" actualizada en la sección "valores" con el valor: 36.55 (<class 'float'>)
2024-08-03 17:14:32,519 - generación - INFO - Clave "humedad" actualizada en la sección "valores" con el valor: 40.75 (<class 'float'>)
2024-08-03 17:17:15,560 - generación - INFO - Clave "habitaculo" actualizada en la sección "valores" con el valor: cocina (<class 'str'>)
2024-08-03 17:17:15,562 - generación - INFO - Clave "temperatura" actualizada en la sección "valores" con el valor: 36.12 (<class 'float'>)
2024-08-03 17:17:15,563 - generación - INFO - Clave "humedad" actualizada en la sección "valores" con el valor: 51.6 (<class 'float'>)
2024-08-03 17:19:24,303 - generación - INFO - Clave "habitaculo" actualizada en la sección "valores" con el valor: cocina (<class 'str'>)
2024-08-03 17:19:24,306 - generación - INFO - Clave "temperatura" actualizada en la sección "valores" con el valor: 35.96 (<class 'float'>)
2024-08-03 17:19:24,306 - generación - INFO - Clave "humedad" actualizada en la sección "valores" con el valor: 37.57 (<class 'float'>)
2024-08-03 17:30:29,677 - generación - INFO - Clave "habitaculo" actualizada en la sección "valores" con el valor: cocina (<class 'str'>)
2024-08-03 17:30:29,679 - generación - INFO - Clave "temperatura" actualizada en la sección "valores" con el valor: 35.13 (<class 'float'>)
2024-08-03 17:30:29,679 - generación - INFO - Clave "humedad" actualizada en la sección "valores" con el valor: 42.84 (<class 'float'>)
2024-08-03 17:33:28,624 - generación - INFO - Clave "habitaculo" actualizada en la sección "valores" con el valor: cocina (<class 'str'>)
2024-08-03 17:33:28,626 - generación - INFO - Clave "temperatura" actualizada en la sección "valores" con el valor: 35.74 (<class 'float'>)
2024-08-03 17:33:28,626 - generación - INFO - Clave "humedad" actualizada en la sección "valores" con el valor: 39.16 (<class 'float'>)
2024-08-03 17:33:39,813 - generación - INFO - Clave "habitaculo" actualizada en la sección "valores" con el valor: cocina (<class 'str'>)
2024-08-03 17:33:39,815 - generación - INFO - Clave "temperatura" actualizada en la sección "valores" con el valor: 36.25 (<class 'float'>)
2024-08-03 17:33:39,815 - generación - INFO - Clave "humedad" actualizada en la sección "valores" con el valor: 46.87 (<class 'float'>)
2024-08-03 17:34:19,717 - generación - INFO - Clave "habitaculo" actualizada en la sección "valores" con el valor: cocina (<class 'str'>)
2024-08-03 17:34:19,720 - generación - INFO - Clave "temperatura" actualizada en la sección "valores" con el valor: 36.13 (<class 'float'>)
2024-08-03 17:34:19,720 - generación - INFO - Clave "humedad" actualizada en la sección "valores" con el valor: 55.1 (<class 'float'>)
2024-08-03 17:37:05,858 - generación - INFO - Clave "habitaculo" actualizada en la sección "valores" con el valor: cocina (<class 'str'>)
2024-08-03 17:37:05,862 - generación - INFO - Clave "temperatura" actualizada en la sección "valores" con el valor: 35.8 (<class 'float'>)
2024-08-03 17:37:05,862 - generación - INFO - Clave "humedad" actualizada en la sección "valores" con el valor: 43.33 (<class 'float'>)
2024-08-03 17:42:37,743 - generación - INFO - Clave "habitaculo" actualizada en la sección "valores" con el valor: cocina (<class 'str'>)
2024-08-03 17:42:37,745 - generación - INFO - Clave "temperatura" actualizada en la sección "valores" con el valor: 35.47 (<class 'float'>)
2024-08-03 17:42:37,746 - generación - INFO - Clave "humedad" actualizada en la sección "valores" con el valor: 40.86 (<class 'float'>)
2024-08-03 17:43:26,893 - generación - INFO - Clave "habitaculo" actualizada en la sección "valores" con el valor: cocina (<class 'str'>)
2024-08-03 17:43:26,897 - generación - INFO - Clave "temperatura" actualizada en la sección "valores" con el valor: 35.8 (<class 'float'>)
2024-08-03 17:43:26,898 - generación - INFO - Clave "humedad" actualizada en la sección "valores" con el valor: 49.69 (<class 'float'>)
2024-08-03 17:44:54,186 - generación - INFO - Clave "habitaculo" actualizada en la sección "valores" con el valor: cocina (<class 'str'>)
2024-08-03 17:44:54,188 - generación - INFO - Clave "temperatura" actualizada en la sección "valores" con el valor: 35.96 (<class 'float'>)
2024-08-03 17:44:54,189 - generación - INFO - Clave "humedad" actualizada en la sección "valores" con el valor: 37.22 (<class 'float'>)
2024-08-03 17:45:20,351 - generación - INFO - Clave "habitaculo" actualizada en la sección "valores" con el valor: cocina (<class 'str'>)
2024-08-03 17:45:20,353 - generación - INFO - Clave "temperatura" actualizada en la sección "valores" con el valor: 35.58 (<class 'float'>)
2024-08-03 17:45:20,354 - generación - INFO - Clave "humedad" actualizada en la sección "valores" con el valor: 56.89 (<class 'float'>)
2024-08-03 17:53:00,251 - generación - INFO - Clave "habitaculo" actualizada en la sección "valores" con el valor: cocina (<class 'str'>)
2024-08-03 17:53:00,254 - generación - INFO - Clave "temperatura" actualizada en la sección "valores" con el valor: 35.9 (<class 'float'>)
2024-08-03 17:53:00,254 - generación - INFO - Clave "humedad" actualizada en la sección "valores" con el valor: 46.3 (<class 'float'>)
2024-08-03 17:53:30,092 - generación - INFO - Clave "habitaculo" actualizada en la sección "valores" con el valor: cocina (<class 'str'>)
2024-08-03 17:53:30,094 - generación - INFO - Clave "temperatura" actualizada en la sección "valores" con el valor: 36.08 (<class 'float'>)
2024-08-03 17:53:30,095 - generación - INFO - Clave "humedad" actualizada en la sección "valores" con el valor: 41.4 (<class 'float'>)
2024-08-03 17:56:48,304 - generación - INFO - Clave "habitaculo" actualizada en la sección "valores" con el valor: cocina (<class 'str'>)
2024-08-03 17:56:48,306 - generación - INFO - Clave "temperatura" actualizada en la sección "valores" con el valor: 35.94 (<class 'float'>)
2024-08-03 17:56:48,307 - generación - INFO - Clave "humedad" actualizada en la sección "valores" con el valor: 36.16 (<class 'float'>)
2024-08-03 17:58:01,762 - generación - INFO - Clave "habitaculo" actualizada en la sección "valores" con el valor: cocina (<class 'str'>)
2024-08-03 17:58:01,763 - generación - INFO - Clave "temperatura" actualizada en la sección "valores" con el valor: 36.06 (<class 'float'>)
2024-08-03 17:58:01,764 - generación - INFO - Clave "humedad" actualizada en la sección "valores" con el valor: 48.49 (<class 'float'>)
2024-08-03 17:58:59,521 - generación - INFO - Clave "habitaculo" actualizada en la sección "valores" con el valor: cocina (<class 'str'>)
2024-08-03 17:58:59,523 - generación - INFO - Clave "temperatura" actualizada en la sección "valores" con el valor: 35.12 (<class 'float'>)
2024-08-03 17:58:59,526 - generación - INFO - Clave "humedad" actualizada en la sección "valores" con el valor: 46.73 (<class 'float'>)
2024-08-03 18:01:02,059 - generación - INFO - Clave "habitaculo" actualizada en la sección "valores" con el valor: cocina (<class 'str'>)
2024-08-03 18:01:02,061 - generación - INFO - Clave "temperatura" actualizada en la sección "valores" con el valor: 35.18 (<class 'float'>)
2024-08-03 18:01:02,062 - generación - INFO - Clave "humedad" actualizada en la sección "valores" con el valor: 41.71 (<class 'float'>)
2024-08-03 18:02:49,427 - generación - INFO - Clave "habitaculo" actualizada en la sección "valores" con el valor: cocina (<class 'str'>)
2024-08-03 18:02:49,429 - generación - INFO - Clave "temperatura" actualizada en la sección "valores" con el valor: 35.0 (<class 'float'>)
2024-08-03 18:02:49,430 - generación - INFO - Clave "humedad" actualizada en la sección "valores" con el valor: 46.54 (<class 'float'>)
2024-08-03 18:04:05,342 - generación - INFO - Clave "habitaculo" actualizada en la sección "valores" con el valor: cocina (<class 'str'>)
2024-08-03 18:04:05,344 - generación - INFO - Clave "temperatura" actualizada en la sección "valores" con el valor: 35.98 (<class 'float'>)
2024-08-03 18:04:05,345 - generación - INFO - Clave "humedad" actualizada en la sección "valores" con el valor: 42.06 (<class 'float'>)
2024-08-03 18:04:13,045 - generación - INFO - Clave "habitaculo" actualizada en la sección "valores" con el valor: cocina (<class 'str'>)
2024-08-03 18:04:13,047 - generación - INFO - Clave "temperatura" actualizada en la sección "valores" con el valor: 36.0 (<class 'float'>)
2024-08-03 18:04:13,048 - generación - INFO - Clave "humedad" actualizada en la sección "valores" con el valor: 44.71 (<class 'float'>)
2024-08-03 18:04:20,258 - generación - INFO - Clave "habitaculo" actualizada en la sección "valores" con el valor: cocina (<class 'str'>)
2024-08-03 18:04:20,260 - generación - INFO - Clave "temperatura" actualizada en la sección "valores" con el valor: 35.24 (<class 'float'>)
2024-08-03 18:04:20,261 - generación - INFO - Clave "humedad" actualizada en la sección "valores" con el valor: 41.95 (<class 'float'>)
2024-08-03 18:04:33,009 - generación - INFO - Clave "habitaculo" actualizada en la sección "valores" con el valor: cocina (<class 'str'>)
2024-08-03 18:04:33,012 - generación - INFO - Clave "temperatura" actualizada en la sección "valores" con el valor: 35.41 (<class 'float'>)
2024-08-03 18:04:33,013 - generación - INFO - Clave "humedad" actualizada en la sección "valores" con el valor: 40.22 (<class 'float'>)
2024-08-03 19:08:20,919 - generación - INFO - Clave "habitaculo" actualizada en la sección "valores" con el valor: cocina (<class 'str'>)
2024-08-03 19:08:20,920 - generación - INFO - Clave "temperatura" actualizada en la sección "valores" con el valor: 35.16 (<class 'float'>)
2024-08-03 19:08:20,920 - generación - INFO - Clave "humedad" actualizada en la sección "valores" con el valor: 48.64 (<class 'float'>)
2024-08-03 19:10:25,978 - generación - INFO - Clave "temperatura" actualizada en la sección "valores" con el valor: 36.43 (<class 'float'>)
2024-08-03 19:10:25,980 - generación - INFO - Clave "humedad" actualizada en la sección "valores" con el valor: 49.4 (<class 'float'>)
2024-08-03 19:10:34,560 - generación - INFO - Clave "temperatura" actualizada en la sección "valores" con el valor: 35.97 (<class 'float'>)
2024-08-03 19:10:34,562 - generación - INFO - Clave "humedad" actualizada en la sección "valores" con el valor: 40.43 (<class 'float'>)
2024-08-03 19:16:29,542 - generación - INFO - Clave "temperatura" actualizada en la sección "valores_magnitudes" con el valor: 31.92 (<class 'float'>)
2024-08-03 19:16:29,544 - generación - INFO - Clave "humedad" actualizada en la sección "valores_magnitudes" con el valor: 39.67 (<class 'float'>)
2024-08-03 19:19:33,549 - generación - INFO - Clave "temperatura" actualizada en la sección "valores_magnitudes" con el valor: 23.6 (<class 'float'>)
2024-08-03 19:19:33,551 - generación - INFO - Clave "humedad" actualizada en la sección "valores_magnitudes" con el valor: 46.51 (<class 'float'>)
2024-08-03 19:19:49,492 - generación - INFO - Clave "temperatura" actualizada en la sección "valores_magnitudes" con el valor: 23.85 (<class 'float'>)
2024-08-03 19:19:49,497 - generación - INFO - Clave "humedad" actualizada en la sección "valores_magnitudes" con el valor: 49.72 (<class 'float'>)
2024-08-03 19:19:55,581 - generación - INFO - Clave "temperatura" actualizada en la sección "valores_magnitudes" con el valor: 31.64 (<class 'float'>)
2024-08-03 19:19:55,583 - generación - INFO - Clave "humedad" actualizada en la sección "valores_magnitudes" con el valor: 44.87 (<class 'float'>)
2024-08-03 19:28:25,298 - generación - INFO - Clave "temperatura" actualizada en la sección "valores_magnitudes" con el valor: 32.9 (<class 'float'>)
2024-08-03 19:28:25,299 - generación - INFO - Clave "humedad" actualizada en la sección "valores_magnitudes" con el valor: 41.64 (<class 'float'>)
2024-08-03 19:30:04,490 - generación - INFO - Clave "temperatura" actualizada en la sección "valores_magnitudes" con el valor: 33.48 (<class 'float'>)
2024-08-03 19:30:04,491 - generación - INFO - Clave "humedad" actualizada en la sección "valores_magnitudes" con el valor: 39.82 (<class 'float'>)
2024-08-03 19:30:31,164 - generación - INFO - Clave "temperatura" actualizada en la sección "valores_magnitudes" con el valor: 33.15 (<class 'float'>)
2024-08-03 19:30:31,166 - generación - INFO - Clave "humedad" actualizada en la sección "valores_magnitudes" con el valor: 48.65 (<class 'float'>)
2024-08-03 19:31:50,650 - generación - INFO - Clave "temperatura" actualizada en la sección "valores_magnitudes" con el valor: 32.32 (<class 'float'>)
2024-08-03 19:31:50,652 - generación - INFO - Clave "humedad" actualizada en la sección "valores_magnitudes" con el valor: 47.09 (<class 'float'>)
2024-08-03 19:32:03,103 - generación - INFO - Clave "temperatura" actualizada en la sección "valores_magnitudes" con el valor: 33.09 (<class 'float'>)
2024-08-03 19:32:03,106 - generación - INFO - Clave "humedad" actualizada en la sección "valores_magnitudes" con el valor: 51.84 (<class 'float'>)
2024-08-03 19:33:34,358 - generación - INFO - Clave "temperatura" actualizada en la sección "valores_magnitudes" con el valor: 32.18 (<class 'float'>)
2024-08-03 19:33:34,359 - generación - INFO - Clave "humedad" actualizada en la sección "valores_magnitudes" con el valor: 46.9 (<class 'float'>)
2024-08-03 19:34:18,786 - generación - INFO - Clave "temperatura" actualizada en la sección "valores_magnitudes" con el valor: 31.8 (<class 'float'>)
2024-08-03 19:34:18,789 - generación - INFO - Clave "humedad" actualizada en la sección "valores_magnitudes" con el valor: 49.23 (<class 'float'>)
2024-08-03 19:35:36,187 - generación - INFO - Clave "temperatura" actualizada en la sección "valores_magnitudes" con el valor: 33.32 (<class 'float'>)
2024-08-03 19:35:36,189 - generación - INFO - Clave "humedad" actualizada en la sección "valores_magnitudes" con el valor: 45.84 (<class 'float'>)
2024-08-03 19:35:36,190 - generación - INFO - Clave "lux" actualizada en la sección "valores_magnitudes" con el valor: 4465.1 (<class 'float'>)
2024-08-05 07:57:39,256 - generación - INFO - Clave "temperatura" actualizada en la sección "valores_magnitudes" con el valor: 32.01 (<class 'float'>)
2024-08-05 07:57:39,258 - generación - INFO - Clave "humedad" actualizada en la sección "valores_magnitudes" con el valor: 42.03 (<class 'float'>)
2024-08-05 07:57:39,259 - generación - INFO - Clave "lux" actualizada en la sección "valores_magnitudes" con el valor: 4465.1 (<class 'float'>)
2024-08-05 08:13:00,057 - generación - INFO - Clave "temperatura" actualizada en la sección "valores_magnitudes" con el valor: 32.29 (<class 'float'>)
2024-08-05 08:13:00,059 - generación - INFO - Clave "humedad" actualizada en la sección "valores_magnitudes" con el valor: 53.26 (<class 'float'>)
2024-08-05 08:13:00,060 - generación - INFO - Clave "lux" actualizada en la sección "valores_magnitudes" con el valor: 4465.1 (<class 'float'>)
2024-08-05 08:38:12,248 - generación - INFO - Clave "temperatura" actualizada en la sección "valores_magnitudes" con el valor: 33.28 (<class 'float'>)
2024-08-05 08:38:12,249 - generación - INFO - Clave "humedad" actualizada en la sección "valores_magnitudes" con el valor: 48.46 (<class 'float'>)
2024-08-05 08:38:12,250 - generación - INFO - Clave "lux" actualizada en la sección "valores_magnitudes" con el valor: 4465.1 (<class 'float'>)
2024-08-05 08:38:52,761 - generación - INFO - Clave "temperatura" actualizada en la sección "valores_magnitudes" con el valor: 32.9 (<class 'float'>)
2024-08-05 08:38:52,763 - generación - INFO - Clave "humedad" actualizada en la sección "valores_magnitudes" con el valor: 30.0 (<class 'float'>)
2024-08-05 08:38:52,764 - generación - INFO - Clave "lux" actualizada en la sección "valores_magnitudes" con el valor: 4465.1 (<class 'float'>)
2024-08-05 08:38:54,123 - generación - INFO - Clave "temperatura" actualizada en la sección "valores_magnitudes" con el valor: 32.66 (<class 'float'>)
2024-08-05 08:38:54,126 - generación - INFO - Clave "humedad" actualizada en la sección "valores_magnitudes" con el valor: 48.74 (<class 'float'>)
2024-08-05 08:38:54,127 - generación - INFO - Clave "lux" actualizada en la sección "valores_magnitudes" con el valor: 4465.1 (<class 'float'>)
2024-08-05 08:38:55,045 - generación - INFO - Clave "temperatura" actualizada en la sección "valores_magnitudes" con el valor: 32.39 (<class 'float'>)
2024-08-05 08:38:55,047 - generación - INFO - Clave "humedad" actualizada en la sección "valores_magnitudes" con el valor: 48.95 (<class 'float'>)
2024-08-05 08:38:55,048 - generación - INFO - Clave "lux" actualizada en la sección "valores_magnitudes" con el valor: 4465.1 (<class 'float'>)
2024-08-05 08:38:55,765 - generación - INFO - Clave "temperatura" actualizada en la sección "valores_magnitudes" con el valor: 31.7 (<class 'float'>)
2024-08-05 08:38:55,767 - generación - INFO - Clave "humedad" actualizada en la sección "valores_magnitudes" con el valor: 46.84 (<class 'float'>)
2024-08-05 08:38:55,768 - generación - INFO - Clave "lux" actualizada en la sección "valores_magnitudes" con el valor: 4465.1 (<class 'float'>)
2024-08-05 08:38:56,457 - generación - INFO - Clave "temperatura" actualizada en la sección "valores_magnitudes" con el valor: 32.17 (<class 'float'>)
2024-08-05 08:38:56,459 - generación - INFO - Clave "humedad" actualizada en la sección "valores_magnitudes" con el valor: 44.68 (<class 'float'>)
2024-08-05 08:38:56,459 - generación - INFO - Clave "lux" actualizada en la sección "valores_magnitudes" con el valor: 4465.1 (<class 'float'>)
2024-08-05 08:38:57,041 - generación - INFO - Clave "temperatura" actualizada en la sección "valores_magnitudes" con el valor: 32.34 (<class 'float'>)
2024-08-05 08:38:57,041 - generación - INFO - Clave "humedad" actualizada en la sección "valores_magnitudes" con el valor: 48.47 (<class 'float'>)
2024-08-05 08:38:57,042 - generación - INFO - Clave "lux" actualizada en la sección "valores_magnitudes" con el valor: 4465.1 (<class 'float'>)
