2024-07-18 01:15:54,468 - csv_logger_handler - INFO - Obtenido el valor 25.65 de la hora 1 del mes de julio
2024-07-18 01:15:54,468 - csv_logger_handler - INFO - Obtenido los valores mínimo 30.0 y máximo 60.0 del espacio cocina
2024-07-18 01:15:54,468 - csv_logger_handler - INFO - Obtenido los valores mínimo 30.0 y máximo 60.0 del espacio cocina
2024-07-18 01:22:39,331 - csv_logger_handler - INFO - Obtenido el valor 25.65 de la hora 1 del mes de julio
2024-07-18 01:22:39,332 - csv_logger_handler - INFO - Obtenido los valores mínimo 30.0 y máximo 60.0 del espacio cocina
2024-07-18 01:22:39,332 - csv_logger_handler - INFO - Obtenido los valores mínimo 30.0 y máximo 60.0 del espacio cocina
2024-07-18 01:23:03,756 - csv_logger_handler - INFO - Obtenido el valor 25.65 de la hora 1 del mes de julio
2024-07-18 01:23:03,757 - csv_logger_handler - INFO - Obtenido los valores mínimo 30.0 y máximo 60.0 del espacio cocina
2024-07-18 01:23:03,757 - csv_logger_handler - INFO - Obtenido los valores mínimo 30.0 y máximo 60.0 del espacio cocina
2024-07-18 23:16:30,190 - csv_logger_handler - INFO - Obtenido el valor 29.00 de la hora 23 del mes de julio
2024-07-18 23:16:30,190 - csv_logger_handler - INFO - Obtenido los valores mínimo 30.0 y máximo 60.0 del espacio cocina
2024-07-18 23:16:30,190 - csv_logger_handler - INFO - Obtenido los valores mínimo 30.0 y máximo 60.0 del espacio cocina
2024-07-18 23:31:33,212 - csv_logger_handler - INFO - Obtenido el valor 29.00 de la hora 23 del mes de julio
2024-07-18 23:31:33,213 - csv_logger_handler - INFO - Obtenido los valores mínimo 30.0 y máximo 60.0 del espacio cocina
2024-07-18 23:31:33,213 - csv_logger_handler - INFO - Obtenido los valores mínimo 30.0 y máximo 60.0 del espacio cocina
2024-07-18 23:33:12,186 - csv_logger_handler - INFO - Obtenido el valor 29.00 de la hora 23 del mes de julio
2024-07-18 23:33:12,187 - csv_logger_handler - INFO - Obtenido los valores mínimo 30.0 y máximo 60.0 del espacio cocina
2024-07-18 23:33:12,187 - csv_logger_handler - INFO - Obtenido los valores mínimo 30.0 y máximo 60.0 del espacio cocina
2024-07-18 23:33:31,932 - csv_logger_handler - INFO - Obtenido el valor 29.00 de la hora 23 del mes de julio
2024-07-18 23:33:31,932 - csv_logger_handler - INFO - Obtenido los valores mínimo 30.0 y máximo 60.0 del espacio cocina
2024-07-18 23:33:31,932 - csv_logger_handler - INFO - Obtenido los valores mínimo 30.0 y máximo 60.0 del espacio cocina
2024-07-18 23:33:58,137 - csv_logger_handler - INFO - Obtenido el valor 29.00 de la hora 23 del mes de julio
2024-07-18 23:33:58,137 - csv_logger_handler - INFO - Obtenido los valores mínimo 30.0 y máximo 60.0 del espacio cocina
2024-07-18 23:33:58,137 - csv_logger_handler - INFO - Obtenido los valores mínimo 30.0 y máximo 60.0 del espacio cocina
2024-07-18 23:35:54,774 - csv_logger_handler - INFO - Obtenido el valor 29.00 de la hora 23 del mes de julio
2024-07-18 23:35:54,774 - csv_logger_handler - INFO - Obtenido los valores mínimo 30.0 y máximo 60.0 del espacio cocina
2024-07-18 23:35:54,774 - csv_logger_handler - INFO - Obtenido los valores mínimo 30.0 y máximo 60.0 del espacio cocina
2024-07-18 23:38:12,566 - csv_logger_handler - INFO - Obtenido el valor 29.00 de la hora 23 del mes de julio
2024-07-18 23:38:12,567 - csv_logger_handler - INFO - Obtenido los valores mínimo 30.0 y máximo 60.0 del espacio cocina
2024-07-18 23:38:12,567 - csv_logger_handler - INFO - Obtenido los valores mínimo 30.0 y máximo 60.0 del espacio cocina
2024-07-18 23:38:25,659 - csv_logger_handler - INFO - Obtenido el valor 29.00 de la hora 23 del mes de julio
2024-07-18 23:38:25,659 - csv_logger_handler - INFO - Obtenido los valores mínimo 30.0 y máximo 60.0 del espacio cocina
2024-07-18 23:38:25,659 - csv_logger_handler - INFO - Obtenido los valores mínimo 30.0 y máximo 60.0 del espacio cocina
2024-07-18 23:42:46,892 - csv_logger_handler - INFO - Obtenido el valor 29.00 de la hora 23 del mes de julio
2024-07-18 23:42:46,892 - csv_logger_handler - INFO - Obtenido los valores mínimo 30.0 y máximo 60.0 del espacio cocina
2024-07-18 23:42:46,892 - csv_logger_handler - INFO - Obtenido los valores mínimo 30.0 y máximo 60.0 del espacio cocina
2024-07-18 23:43:22,977 - csv_logger_handler - INFO - Obtenido el valor 29.00 de la hora 23 del mes de julio
2024-07-18 23:43:22,978 - csv_logger_handler - INFO - Obtenido los valores mínimo 30.0 y máximo 60.0 del espacio cocina
2024-07-18 23:43:22,978 - csv_logger_handler - INFO - Obtenido los valores mínimo 30.0 y máximo 60.0 del espacio cocina
2024-07-18 23:48:20,372 - csv_logger_handler - INFO - Obtenido el valor 29.00 de la hora 23 del mes de julio
2024-07-18 23:48:20,373 - csv_logger_handler - INFO - Obtenido los valores mínimo 30.0 y máximo 60.0 del espacio cocina
2024-07-18 23:48:20,373 - csv_logger_handler - INFO - Obtenido los valores mínimo 30.0 y máximo 60.0 del espacio cocina
2024-07-18 23:49:40,923 - csv_logger_handler - INFO - Obtenido el valor 30.73 de la hora 12 del mes de julio
2024-07-18 23:49:40,923 - csv_logger_handler - INFO - Obtenido los valores mínimo 30.0 y máximo 60.0 del espacio cocina
2024-07-18 23:49:40,923 - csv_logger_handler - INFO - Obtenido los valores mínimo 30.0 y máximo 60.0 del espacio cocina
2024-08-01 20:29:49,623 - csv_logger_handler - INFO - Obtenido el valor 30.73 de la hora 12 del mes de julio
2024-08-01 20:29:49,631 - csv_logger_handler - INFO - Obtenido los valores mínimo 30.0 y máximo 60.0 del espacio cocina
2024-08-01 20:29:49,631 - csv_logger_handler - INFO - Obtenido los valores mínimo 30.0 y máximo 60.0 del espacio cocina
2024-08-01 20:31:53,372 - csv_logger_handler - INFO - Obtenido el valor 30.93 de la hora 12 del mes de agosto
2024-08-01 20:31:53,373 - csv_logger_handler - INFO - Obtenido los valores mínimo 30.0 y máximo 60.0 del espacio cocina
2024-08-01 20:31:53,373 - csv_logger_handler - INFO - Obtenido los valores mínimo 30.0 y máximo 60.0 del espacio cocina
2024-08-01 21:17:57,826 - csv_logger_handler - INFO - Obtenido el valor 30.93 de la hora 12 del mes de agosto
2024-08-01 21:17:57,827 - csv_logger_handler - INFO - Obtenido los valores mínimo 30.0 y máximo 60.0 del espacio cocina
2024-08-01 21:17:57,827 - csv_logger_handler - INFO - Obtenido los valores mínimo 30.0 y máximo 60.0 del espacio cocina
2024-08-01 21:21:37,009 - csv_logger_handler - INFO - Obtenido el valor 30.93 de la hora 12 del mes de agosto
2024-08-01 21:21:37,009 - csv_logger_handler - INFO - Obtenido los valores mínimo 30.0 y máximo 60.0 del espacio cocina
2024-08-01 21:21:37,009 - csv_logger_handler - INFO - Obtenido los valores mínimo 30.0 y máximo 60.0 del espacio cocina
2024-08-01 21:34:34,823 - csv_logger_handler - INFO - Obtenido el valor 30.93 de la hora 12 del mes de agosto
2024-08-01 21:34:34,823 - csv_logger_handler - INFO - Obtenido los valores mínimo 30.0 y máximo 60.0 del espacio cocina
2024-08-01 21:34:34,823 - csv_logger_handler - INFO - Obtenido los valores mínimo 30.0 y máximo 60.0 del espacio cocina
2024-08-01 21:35:37,180 - csv_logger_handler - INFO - Obtenido el valor 30.93 de la hora 12 del mes de agosto
2024-08-01 21:35:37,180 - csv_logger_handler - INFO - Obtenido los valores mínimo 30.0 y máximo 60.0 del espacio cocina
2024-08-01 21:35:37,180 - csv_logger_handler - INFO - Obtenido los valores mínimo 30.0 y máximo 60.0 del espacio cocina
2024-08-01 21:48:27,633 - csv_logger_handler - INFO - Obtenido el valor 30.93 de la hora 12 del mes de agosto
2024-08-01 21:48:27,634 - csv_logger_handler - INFO - Obtenido los valores mínimo 30.0 y máximo 60.0 del espacio cocina
2024-08-01 21:48:27,634 - csv_logger_handler - INFO - Obtenido los valores mínimo 30.0 y máximo 60.0 del espacio cocina
2024-08-01 22:04:01,312 - csv_logger_handler - INFO - Obtenido el valor 30.93 de la hora 12 del mes de agosto
2024-08-01 22:04:01,312 - csv_logger_handler - INFO - Obtenido los valores mínimo 30.0 y máximo 60.0 del espacio cocina
2024-08-01 22:04:01,312 - csv_logger_handler - INFO - Obtenido los valores mínimo 30.0 y máximo 60.0 del espacio cocina
2024-08-01 22:05:18,898 - csv_logger_handler - INFO - Obtenido el valor 30.93 de la hora 12 del mes de agosto
2024-08-01 22:05:18,899 - csv_logger_handler - INFO - Obtenido los valores mínimo 30.0 y máximo 60.0 del espacio cocina
2024-08-01 22:05:18,899 - csv_logger_handler - INFO - Obtenido los valores mínimo 30.0 y máximo 60.0 del espacio cocina
2024-08-03 13:06:22,161 - csv_logger_handler - INFO - Obtenido el valor 30.93 de la hora 12 del mes de agosto
2024-08-03 13:06:22,162 - csv_logger_handler - INFO - Obtenido los valores mínimo 30.0 y máximo 60.0 del espacio cocina
2024-08-03 13:06:22,162 - csv_logger_handler - INFO - Obtenido los valores mínimo 30.0 y máximo 60.0 del espacio cocina
2024-08-03 13:06:44,986 - csv_logger_handler - INFO - Obtenido el valor 30.93 de la hora 12 del mes de agosto
2024-08-03 13:06:44,987 - csv_logger_handler - INFO - Obtenido los valores mínimo 30.0 y máximo 60.0 del espacio cocina
2024-08-03 13:06:44,987 - csv_logger_handler - INFO - Obtenido los valores mínimo 30.0 y máximo 60.0 del espacio cocina
2024-08-03 13:08:20,962 - csv_logger_handler - INFO - Obtenido el valor 30.93 de la hora 12 del mes de agosto
2024-08-03 13:08:20,963 - csv_logger_handler - INFO - Obtenido los valores mínimo 30.0 y máximo 60.0 del espacio cocina
2024-08-03 13:08:20,963 - csv_logger_handler - INFO - Obtenido los valores mínimo 30.0 y máximo 60.0 del espacio cocina
2024-08-03 13:09:01,936 - csv_logger_handler - INFO - Obtenido el valor 30.93 de la hora 12 del mes de agosto
2024-08-03 13:09:01,936 - csv_logger_handler - INFO - Obtenido los valores mínimo 30.0 y máximo 60.0 del espacio cocina
2024-08-03 13:09:01,936 - csv_logger_handler - INFO - Obtenido los valores mínimo 30.0 y máximo 60.0 del espacio cocina
2024-08-03 13:22:56,841 - csv_logger_handler - INFO - Obtenido el valor 30.93 de la hora 12 del mes de agosto
2024-08-03 13:22:56,841 - csv_logger_handler - INFO - Obtenido los valores mínimo 30.0 y máximo 60.0 del espacio cocina
2024-08-03 13:22:56,841 - csv_logger_handler - INFO - Obtenido los valores mínimo 30.0 y máximo 60.0 del espacio cocina
2024-08-03 16:26:12,278 - csv_logger_handler - INFO - Obtenido el valor 30.93 de la hora 12 del mes de agosto
2024-08-03 16:26:12,278 - csv_logger_handler - INFO - Obtenido los valores mínimo 30.0 y máximo 60.0 del espacio cocina
2024-08-03 16:26:12,278 - csv_logger_handler - INFO - Obtenido los valores mínimo 30.0 y máximo 60.0 del espacio cocina
2024-08-03 16:30:39,725 - csv_logger_handler - INFO - Obtenido el valor 30.93 de la hora 12 del mes de agosto
2024-08-03 16:30:39,725 - csv_logger_handler - INFO - Obtenido los valores mínimo 30.0 y máximo 60.0 del espacio cocina
2024-08-03 16:30:39,725 - csv_logger_handler - INFO - Obtenido los valores mínimo 30.0 y máximo 60.0 del espacio cocina
2024-08-03 16:31:05,648 - csv_logger_handler - INFO - Obtenido el valor 35.67 de la hora 16 del mes de agosto
2024-08-03 16:31:05,648 - csv_logger_handler - INFO - Obtenido los valores mínimo 30.0 y máximo 60.0 del espacio cocina
2024-08-03 16:31:05,648 - csv_logger_handler - INFO - Obtenido los valores mínimo 30.0 y máximo 60.0 del espacio cocina
2024-08-03 16:31:28,780 - csv_logger_handler - INFO - Obtenido el valor 35.67 de la hora 16 del mes de agosto
2024-08-03 16:31:28,781 - csv_logger_handler - INFO - Obtenido los valores mínimo 30.0 y máximo 60.0 del espacio cocina
2024-08-03 16:31:28,781 - csv_logger_handler - INFO - Obtenido los valores mínimo 30.0 y máximo 60.0 del espacio cocina
2024-08-03 16:33:42,118 - csv_logger_handler - INFO - Obtenido el valor 35.67 de la hora 16 del mes de agosto
2024-08-03 16:33:42,118 - csv_logger_handler - INFO - Obtenido los valores mínimo 30.0 y máximo 60.0 del espacio cocina
2024-08-03 16:33:42,118 - csv_logger_handler - INFO - Obtenido los valores mínimo 30.0 y máximo 60.0 del espacio cocina
2024-08-03 16:39:06,087 - csv_logger_handler - INFO - Obtenido el valor 35.67 de la hora 16 del mes de agosto
2024-08-03 16:39:06,087 - csv_logger_handler - INFO - Obtenido los valores mínimo 30.0 y máximo 60.0 del espacio cocina
2024-08-03 16:39:06,087 - csv_logger_handler - INFO - Obtenido los valores mínimo 30.0 y máximo 60.0 del espacio cocina
2024-08-03 16:40:19,179 - csv_logger_handler - INFO - Obtenido el valor 35.67 de la hora 16 del mes de agosto
2024-08-03 16:40:19,179 - csv_logger_handler - INFO - Obtenido los valores mínimo 30.0 y máximo 60.0 del espacio cocina
2024-08-03 16:40:19,179 - csv_logger_handler - INFO - Obtenido los valores mínimo 30.0 y máximo 60.0 del espacio cocina
2024-08-03 16:43:57,130 - csv_logger_handler - INFO - Obtenido el valor 35.67 de la hora 16 del mes de agosto
2024-08-03 16:43:57,131 - csv_logger_handler - INFO - Obtenido los valores mínimo 30.0 y máximo 60.0 del espacio cocina
2024-08-03 16:43:57,131 - csv_logger_handler - INFO - Obtenido los valores mínimo 30.0 y máximo 60.0 del espacio cocina
2024-08-03 16:46:15,857 - csv_logger_handler - INFO - Obtenido el valor 35.67 de la hora 16 del mes de agosto
2024-08-03 16:46:15,857 - csv_logger_handler - INFO - Obtenido los valores mínimo 30.0 y máximo 60.0 del espacio cocina
2024-08-03 16:46:15,857 - csv_logger_handler - INFO - Obtenido los valores mínimo 30.0 y máximo 60.0 del espacio cocina
2024-08-03 16:47:36,276 - csv_logger_handler - INFO - Obtenido el valor 35.67 de la hora 16 del mes de agosto
2024-08-03 16:47:36,276 - csv_logger_handler - INFO - Obtenido los valores mínimo 30.0 y máximo 60.0 del espacio cocina
2024-08-03 16:47:36,276 - csv_logger_handler - INFO - Obtenido los valores mínimo 30.0 y máximo 60.0 del espacio cocina
2024-08-03 16:47:46,192 - csv_logger_handler - INFO - Obtenido el valor 35.67 de la hora 16 del mes de agosto
2024-08-03 16:47:46,192 - csv_logger_handler - INFO - Obtenido los valores mínimo 30.0 y máximo 60.0 del espacio cocina
2024-08-03 16:47:46,192 - csv_logger_handler - INFO - Obtenido los valores mínimo 30.0 y máximo 60.0 del espacio cocina
2024-08-03 16:48:34,703 - csv_logger_handler - INFO - Obtenido el valor 35.67 de la hora 16 del mes de agosto
2024-08-03 16:48:34,703 - csv_logger_handler - INFO - Obtenido los valores mínimo 30.0 y máximo 60.0 del espacio cocina
2024-08-03 16:48:34,703 - csv_logger_handler - INFO - Obtenido los valores mínimo 30.0 y máximo 60.0 del espacio cocina
2024-08-03 16:49:22,798 - csv_logger_handler - INFO - Obtenido el valor 35.67 de la hora 16 del mes de agosto
2024-08-03 16:49:22,799 - csv_logger_handler - INFO - Obtenido los valores mínimo 30.0 y máximo 60.0 del espacio cocina
2024-08-03 16:49:22,799 - csv_logger_handler - INFO - Obtenido los valores mínimo 30.0 y máximo 60.0 del espacio cocina
2024-08-03 16:54:13,293 - csv_logger_handler - INFO - Obtenido el valor 35.67 de la hora 16 del mes de agosto
2024-08-03 16:54:13,293 - csv_logger_handler - INFO - Obtenido los valores mínimo 30.0 y máximo 60.0 del espacio cocina
2024-08-03 16:54:13,293 - csv_logger_handler - INFO - Obtenido los valores mínimo 30.0 y máximo 60.0 del espacio cocina
2024-08-03 17:08:11,697 - csv_logger_handler - INFO - Obtenido el valor 35.67 de la hora 16 del mes de agosto
2024-08-03 17:10:01,740 - csv_logger_handler - INFO - Obtenido el valor 35.67 de la hora 16 del mes de agosto
2024-08-03 17:10:01,740 - csv_logger_handler - INFO - Obtenido los valores mínimo 30.0 y máximo 60.0 del espacio cocina
2024-08-03 17:10:01,740 - csv_logger_handler - INFO - Obtenido los valores mínimo 30.0 y máximo 60.0 del espacio cocina
2024-08-03 17:10:15,778 - csv_logger_handler - INFO - Obtenido el valor 35.67 de la hora 16 del mes de agosto
2024-08-03 17:10:15,778 - csv_logger_handler - INFO - Obtenido los valores mínimo 30.0 y máximo 60.0 del espacio cocina
2024-08-03 17:10:15,778 - csv_logger_handler - INFO - Obtenido los valores mínimo 30.0 y máximo 60.0 del espacio cocina
2024-08-03 17:10:55,420 - csv_logger_handler - INFO - Obtenido el valor 35.67 de la hora 16 del mes de agosto
2024-08-03 17:10:55,420 - csv_logger_handler - INFO - Obtenido los valores mínimo 30.0 y máximo 60.0 del espacio cocina
2024-08-03 17:10:55,420 - csv_logger_handler - INFO - Obtenido los valores mínimo 30.0 y máximo 60.0 del espacio cocina
2024-08-03 17:11:51,990 - csv_logger_handler - INFO - Obtenido el valor 35.67 de la hora 16 del mes de agosto
2024-08-03 17:11:51,990 - csv_logger_handler - INFO - Obtenido los valores mínimo 30.0 y máximo 60.0 del espacio cocina
2024-08-03 17:11:51,990 - csv_logger_handler - INFO - Obtenido los valores mínimo 30.0 y máximo 60.0 del espacio cocina
2024-08-03 17:12:09,603 - csv_logger_handler - INFO - Obtenido el valor 35.67 de la hora 16 del mes de agosto
2024-08-03 17:12:09,603 - csv_logger_handler - INFO - Obtenido los valores mínimo 30.0 y máximo 60.0 del espacio cocina
2024-08-03 17:12:09,603 - csv_logger_handler - INFO - Obtenido los valores mínimo 30.0 y máximo 60.0 del espacio cocina
2024-08-03 17:12:27,861 - csv_logger_handler - INFO - Obtenido el valor 35.67 de la hora 16 del mes de agosto
2024-08-03 17:12:27,861 - csv_logger_handler - INFO - Obtenido los valores mínimo 30.0 y máximo 60.0 del espacio cocina
2024-08-03 17:12:27,861 - csv_logger_handler - INFO - Obtenido los valores mínimo 30.0 y máximo 60.0 del espacio cocina
2024-08-03 17:12:46,621 - csv_logger_handler - INFO - Obtenido el valor 35.67 de la hora 16 del mes de agosto
2024-08-03 17:12:46,621 - csv_logger_handler - INFO - Obtenido los valores mínimo 30.0 y máximo 60.0 del espacio cocina
2024-08-03 17:12:46,621 - csv_logger_handler - INFO - Obtenido los valores mínimo 30.0 y máximo 60.0 del espacio cocina
2024-08-03 17:13:12,000 - csv_logger_handler - INFO - Obtenido el valor 35.67 de la hora 16 del mes de agosto
2024-08-03 17:13:12,001 - csv_logger_handler - INFO - Obtenido los valores mínimo 30.0 y máximo 60.0 del espacio cocina
2024-08-03 17:13:12,001 - csv_logger_handler - INFO - Obtenido los valores mínimo 30.0 y máximo 60.0 del espacio cocina
2024-08-03 17:13:22,850 - csv_logger_handler - INFO - Obtenido el valor 35.67 de la hora 16 del mes de agosto
2024-08-03 17:13:22,850 - csv_logger_handler - INFO - Obtenido los valores mínimo 30.0 y máximo 60.0 del espacio cocina
2024-08-03 17:13:22,850 - csv_logger_handler - INFO - Obtenido los valores mínimo 30.0 y máximo 60.0 del espacio cocina
2024-08-03 17:14:15,665 - csv_logger_handler - INFO - Obtenido el valor 35.67 de la hora 16 del mes de agosto
2024-08-03 17:14:15,666 - csv_logger_handler - INFO - Obtenido los valores mínimo 30.0 y máximo 60.0 del espacio cocina
2024-08-03 17:14:15,666 - csv_logger_handler - INFO - Obtenido los valores mínimo 30.0 y máximo 60.0 del espacio cocina
2024-08-03 17:14:26,835 - csv_logger_handler - INFO - Obtenido el valor 35.67 de la hora 16 del mes de agosto
2024-08-03 17:14:26,835 - csv_logger_handler - INFO - Obtenido los valores mínimo 30.0 y máximo 60.0 del espacio cocina
2024-08-03 17:14:26,835 - csv_logger_handler - INFO - Obtenido los valores mínimo 30.0 y máximo 60.0 del espacio cocina
2024-08-03 17:14:32,507 - csv_logger_handler - INFO - Obtenido el valor 35.67 de la hora 16 del mes de agosto
2024-08-03 17:14:32,508 - csv_logger_handler - INFO - Obtenido los valores mínimo 30.0 y máximo 60.0 del espacio cocina
2024-08-03 17:14:32,508 - csv_logger_handler - INFO - Obtenido los valores mínimo 30.0 y máximo 60.0 del espacio cocina
2024-08-03 17:17:15,550 - csv_logger_handler - INFO - Obtenido el valor 35.67 de la hora 16 del mes de agosto
2024-08-03 17:17:15,550 - csv_logger_handler - INFO - Obtenido los valores mínimo 30.0 y máximo 60.0 del espacio cocina
2024-08-03 17:17:15,550 - csv_logger_handler - INFO - Obtenido los valores mínimo 30.0 y máximo 60.0 del espacio cocina
2024-08-03 17:19:24,292 - csv_logger_handler - INFO - Obtenido el valor 35.67 de la hora 16 del mes de agosto
2024-08-03 17:19:24,292 - csv_logger_handler - INFO - Obtenido los valores mínimo 30.0 y máximo 60.0 del espacio cocina
2024-08-03 17:19:24,292 - csv_logger_handler - INFO - Obtenido los valores mínimo 30.0 y máximo 60.0 del espacio cocina
2024-08-03 17:30:29,666 - csv_logger_handler - INFO - Obtenido el valor 35.67 de la hora 16 del mes de agosto
2024-08-03 17:30:29,667 - csv_logger_handler - INFO - Obtenido los valores mínimo 30.0 y máximo 60.0 del espacio cocina
2024-08-03 17:30:29,667 - csv_logger_handler - INFO - Obtenido los valores mínimo 30.0 y máximo 60.0 del espacio cocina
2024-08-03 17:33:28,612 - csv_logger_handler - INFO - Obtenido el valor 35.67 de la hora 16 del mes de agosto
2024-08-03 17:33:28,613 - csv_logger_handler - INFO - Obtenido los valores mínimo 30.0 y máximo 60.0 del espacio cocina
2024-08-03 17:33:28,613 - csv_logger_handler - INFO - Obtenido los valores mínimo 30.0 y máximo 60.0 del espacio cocina
2024-08-03 17:33:39,803 - csv_logger_handler - INFO - Obtenido el valor 35.67 de la hora 16 del mes de agosto
2024-08-03 17:33:39,804 - csv_logger_handler - INFO - Obtenido los valores mínimo 30.0 y máximo 60.0 del espacio cocina
2024-08-03 17:33:39,804 - csv_logger_handler - INFO - Obtenido los valores mínimo 30.0 y máximo 60.0 del espacio cocina
2024-08-03 17:34:19,708 - csv_logger_handler - INFO - Obtenido el valor 35.67 de la hora 16 del mes de agosto
2024-08-03 17:34:19,708 - csv_logger_handler - INFO - Obtenido los valores mínimo 30.0 y máximo 60.0 del espacio cocina
2024-08-03 17:34:19,708 - csv_logger_handler - INFO - Obtenido los valores mínimo 30.0 y máximo 60.0 del espacio cocina
2024-08-03 17:37:05,848 - csv_logger_handler - INFO - Obtenido el valor 35.67 de la hora 16 del mes de agosto
2024-08-03 17:37:05,849 - csv_logger_handler - INFO - Obtenido los valores mínimo 30.0 y máximo 60.0 del espacio cocina
2024-08-03 17:37:05,849 - csv_logger_handler - INFO - Obtenido los valores mínimo 30.0 y máximo 60.0 del espacio cocina
2024-08-03 17:42:37,732 - csv_logger_handler - INFO - Obtenido el valor 35.67 de la hora 16 del mes de agosto
2024-08-03 17:42:37,732 - csv_logger_handler - INFO - Obtenido los valores mínimo 30.0 y máximo 60.0 del espacio cocina
2024-08-03 17:42:37,732 - csv_logger_handler - INFO - Obtenido los valores mínimo 30.0 y máximo 60.0 del espacio cocina
2024-08-03 17:43:26,884 - csv_logger_handler - INFO - Obtenido el valor 35.67 de la hora 16 del mes de agosto
2024-08-03 17:43:26,884 - csv_logger_handler - INFO - Obtenido los valores mínimo 30.0 y máximo 60.0 del espacio cocina
2024-08-03 17:43:26,884 - csv_logger_handler - INFO - Obtenido los valores mínimo 30.0 y máximo 60.0 del espacio cocina
2024-08-03 17:44:54,176 - csv_logger_handler - INFO - Obtenido el valor 35.67 de la hora 16 del mes de agosto
2024-08-03 17:44:54,177 - csv_logger_handler - INFO - Obtenido los valores mínimo 30.0 y máximo 60.0 del espacio cocina
2024-08-03 17:44:54,177 - csv_logger_handler - INFO - Obtenido los valores mínimo 30.0 y máximo 60.0 del espacio cocina
2024-08-03 17:45:20,342 - csv_logger_handler - INFO - Obtenido el valor 35.67 de la hora 16 del mes de agosto
2024-08-03 17:45:20,342 - csv_logger_handler - INFO - Obtenido los valores mínimo 30.0 y máximo 60.0 del espacio cocina
2024-08-03 17:45:20,342 - csv_logger_handler - INFO - Obtenido los valores mínimo 30.0 y máximo 60.0 del espacio cocina
2024-08-03 17:53:00,242 - csv_logger_handler - INFO - Obtenido el valor 35.67 de la hora 16 del mes de agosto
2024-08-03 17:53:00,242 - csv_logger_handler - INFO - Obtenido los valores mínimo 30.0 y máximo 60.0 del espacio cocina
2024-08-03 17:53:00,242 - csv_logger_handler - INFO - Obtenido los valores mínimo 30.0 y máximo 60.0 del espacio cocina
2024-08-03 17:53:30,083 - csv_logger_handler - INFO - Obtenido el valor 35.67 de la hora 16 del mes de agosto
2024-08-03 17:53:30,084 - csv_logger_handler - INFO - Obtenido los valores mínimo 30.0 y máximo 60.0 del espacio cocina
2024-08-03 17:53:30,084 - csv_logger_handler - INFO - Obtenido los valores mínimo 30.0 y máximo 60.0 del espacio cocina
2024-08-03 17:56:48,295 - csv_logger_handler - INFO - Obtenido el valor 35.67 de la hora 16 del mes de agosto
2024-08-03 17:56:48,296 - csv_logger_handler - INFO - Obtenido los valores mínimo 30.0 y máximo 60.0 del espacio cocina
2024-08-03 17:56:48,296 - csv_logger_handler - INFO - Obtenido los valores mínimo 30.0 y máximo 60.0 del espacio cocina
2024-08-03 17:58:01,750 - csv_logger_handler - INFO - Obtenido el valor 35.67 de la hora 16 del mes de agosto
2024-08-03 17:58:01,750 - csv_logger_handler - INFO - Obtenido los valores mínimo 30.0 y máximo 60.0 del espacio cocina
2024-08-03 17:58:01,750 - csv_logger_handler - INFO - Obtenido los valores mínimo 30.0 y máximo 60.0 del espacio cocina
2024-08-03 17:58:59,512 - csv_logger_handler - INFO - Obtenido el valor 35.67 de la hora 16 del mes de agosto
2024-08-03 17:58:59,512 - csv_logger_handler - INFO - Obtenido los valores mínimo 30.0 y máximo 60.0 del espacio cocina
2024-08-03 17:58:59,512 - csv_logger_handler - INFO - Obtenido los valores mínimo 30.0 y máximo 60.0 del espacio cocina
2024-08-03 18:01:02,048 - csv_logger_handler - INFO - Obtenido el valor 35.67 de la hora 16 del mes de agosto
2024-08-03 18:01:02,049 - csv_logger_handler - INFO - Obtenido los valores mínimo 30.0 y máximo 60.0 del espacio cocina
2024-08-03 18:01:02,049 - csv_logger_handler - INFO - Obtenido los valores mínimo 30.0 y máximo 60.0 del espacio cocina
2024-08-03 18:02:49,417 - csv_logger_handler - INFO - Obtenido el valor 35.67 de la hora 16 del mes de agosto
2024-08-03 18:02:49,417 - csv_logger_handler - INFO - Obtenido los valores mínimo 30.0 y máximo 60.0 del espacio cocina
2024-08-03 18:02:49,417 - csv_logger_handler - INFO - Obtenido los valores mínimo 30.0 y máximo 60.0 del espacio cocina
2024-08-03 18:04:05,331 - csv_logger_handler - INFO - Obtenido el valor 35.67 de la hora 16 del mes de agosto
2024-08-03 18:04:05,332 - csv_logger_handler - INFO - Obtenido los valores mínimo 30.0 y máximo 60.0 del espacio cocina
2024-08-03 18:04:05,332 - csv_logger_handler - INFO - Obtenido los valores mínimo 30.0 y máximo 60.0 del espacio cocina
2024-08-03 18:04:13,036 - csv_logger_handler - INFO - Obtenido el valor 35.67 de la hora 16 del mes de agosto
2024-08-03 18:04:13,036 - csv_logger_handler - INFO - Obtenido los valores mínimo 30.0 y máximo 60.0 del espacio cocina
2024-08-03 18:04:13,036 - csv_logger_handler - INFO - Obtenido los valores mínimo 30.0 y máximo 60.0 del espacio cocina
2024-08-03 18:04:20,248 - csv_logger_handler - INFO - Obtenido el valor 35.67 de la hora 16 del mes de agosto
2024-08-03 18:04:20,248 - csv_logger_handler - INFO - Obtenido los valores mínimo 30.0 y máximo 60.0 del espacio cocina
2024-08-03 18:04:20,248 - csv_logger_handler - INFO - Obtenido los valores mínimo 30.0 y máximo 60.0 del espacio cocina
2024-08-03 18:04:33,000 - csv_logger_handler - INFO - Obtenido el valor 35.67 de la hora 16 del mes de agosto
2024-08-03 18:04:33,001 - csv_logger_handler - INFO - Obtenido los valores mínimo 30.0 y máximo 60.0 del espacio cocina
2024-08-03 18:04:33,001 - csv_logger_handler - INFO - Obtenido los valores mínimo 30.0 y máximo 60.0 del espacio cocina
2024-08-03 19:08:20,899 - csv_logger_handler - INFO - Obtenido el valor 35.67 de la hora 16 del mes de agosto
2024-08-03 19:08:20,899 - csv_logger_handler - INFO - Obtenido los valores mínimo 30.0 y máximo 60.0 del espacio cocina
2024-08-03 19:08:20,899 - csv_logger_handler - INFO - Obtenido los valores mínimo 30.0 y máximo 60.0 del espacio cocina
2024-08-03 19:10:25,967 - csv_logger_handler - INFO - Obtenido el valor 35.67 de la hora 16 del mes de agosto
2024-08-03 19:10:25,967 - csv_logger_handler - INFO - Obtenido los valores mínimo 30.0 y máximo 60.0 del espacio cocina
2024-08-03 19:10:25,967 - csv_logger_handler - INFO - Obtenido los valores mínimo 30.0 y máximo 60.0 del espacio cocina
2024-08-03 19:10:34,549 - csv_logger_handler - INFO - Obtenido el valor 35.67 de la hora 16 del mes de agosto
2024-08-03 19:10:34,550 - csv_logger_handler - INFO - Obtenido los valores mínimo 30.0 y máximo 60.0 del espacio cocina
2024-08-03 19:10:34,550 - csv_logger_handler - INFO - Obtenido los valores mínimo 30.0 y máximo 60.0 del espacio cocina
2024-08-03 19:16:29,530 - csv_logger_handler - INFO - Obtenido el valor 32.55 de la hora 13 del mes de agosto
2024-08-03 19:16:29,530 - csv_logger_handler - INFO - Obtenido los valores mínimo 30.0 y máximo 60.0 del espacio cocina
2024-08-03 19:16:29,530 - csv_logger_handler - INFO - Obtenido los valores mínimo 30.0 y máximo 60.0 del espacio cocina
2024-08-03 19:19:33,539 - csv_logger_handler - INFO - Obtenido el valor 24.46 de la hora 8 del mes de agosto
2024-08-03 19:19:33,539 - csv_logger_handler - INFO - Obtenido los valores mínimo 30.0 y máximo 60.0 del espacio cocina
2024-08-03 19:19:33,539 - csv_logger_handler - INFO - Obtenido los valores mínimo 30.0 y máximo 60.0 del espacio cocina
2024-08-03 19:19:49,480 - csv_logger_handler - INFO - Obtenido el valor 24.46 de la hora 8 del mes de agosto
2024-08-03 19:19:49,480 - csv_logger_handler - INFO - Obtenido los valores mínimo 30.0 y máximo 60.0 del espacio cocina
2024-08-03 19:19:49,480 - csv_logger_handler - INFO - Obtenido los valores mínimo 30.0 y máximo 60.0 del espacio cocina
2024-08-03 19:19:55,573 - csv_logger_handler - INFO - Obtenido el valor 32.55 de la hora 13 del mes de agosto
2024-08-03 19:19:55,573 - csv_logger_handler - INFO - Obtenido los valores mínimo 30.0 y máximo 60.0 del espacio cocina
2024-08-03 19:19:55,573 - csv_logger_handler - INFO - Obtenido los valores mínimo 30.0 y máximo 60.0 del espacio cocina
2024-08-03 19:28:25,287 - csv_logger_handler - INFO - Obtenido el valor 32.55 de la hora 13 del mes de agosto
2024-08-03 19:28:25,287 - csv_logger_handler - INFO - Obtenido los valores mínimo 30.0 y máximo 60.0 del espacio cocina
2024-08-03 19:28:25,287 - csv_logger_handler - INFO - Obtenido los valores mínimo 30.0 y máximo 60.0 del espacio cocina
2024-08-03 19:30:04,480 - csv_logger_handler - INFO - Obtenido el valor 32.55 de la hora 13 del mes de agosto
2024-08-03 19:30:04,480 - csv_logger_handler - INFO - Obtenido los valores mínimo 30.0 y máximo 60.0 del espacio cocina
2024-08-03 19:30:04,480 - csv_logger_handler - INFO - Obtenido los valores mínimo 30.0 y máximo 60.0 del espacio cocina
2024-08-03 19:30:31,154 - csv_logger_handler - INFO - Obtenido el valor 32.55 de la hora 13 del mes de agosto
2024-08-03 19:30:31,154 - csv_logger_handler - INFO - Obtenido los valores mínimo 30.0 y máximo 60.0 del espacio cocina
2024-08-03 19:30:31,154 - csv_logger_handler - INFO - Obtenido los valores mínimo 30.0 y máximo 60.0 del espacio cocina
2024-08-03 19:31:50,637 - csv_logger_handler - INFO - Obtenido el valor 32.55 de la hora 13 del mes de agosto
2024-08-03 19:31:50,637 - csv_logger_handler - INFO - Obtenido los valores mínimo 30.0 y máximo 60.0 del espacio cocina
2024-08-03 19:31:50,637 - csv_logger_handler - INFO - Obtenido los valores mínimo 30.0 y máximo 60.0 del espacio cocina
2024-08-03 19:32:03,093 - csv_logger_handler - INFO - Obtenido el valor 32.55 de la hora 13 del mes de agosto
2024-08-03 19:32:03,093 - csv_logger_handler - INFO - Obtenido los valores mínimo 30.0 y máximo 60.0 del espacio cocina
2024-08-03 19:32:03,093 - csv_logger_handler - INFO - Obtenido los valores mínimo 30.0 y máximo 60.0 del espacio cocina
2024-08-03 19:33:34,346 - csv_logger_handler - INFO - Obtenido el valor 32.55 de la hora 13 del mes de agosto
2024-08-03 19:33:34,347 - csv_logger_handler - INFO - Obtenido los valores mínimo 30.0 y máximo 60.0 del espacio cocina
2024-08-03 19:33:34,347 - csv_logger_handler - INFO - Obtenido los valores mínimo 30.0 y máximo 60.0 del espacio cocina
2024-08-03 19:34:18,774 - csv_logger_handler - INFO - Obtenido el valor 32.55 de la hora 13 del mes de agosto
2024-08-03 19:34:18,775 - csv_logger_handler - INFO - Obtenido los valores mínimo 30.0 y máximo 60.0 del espacio cocina
2024-08-03 19:34:18,775 - csv_logger_handler - INFO - Obtenido los valores mínimo 30.0 y máximo 60.0 del espacio cocina
2024-08-03 19:35:36,178 - csv_logger_handler - INFO - Obtenido el valor 32.55 de la hora 13 del mes de agosto
2024-08-03 19:35:36,178 - csv_logger_handler - INFO - Obtenido los valores mínimo 30.0 y máximo 60.0 del espacio cocina
2024-08-03 19:35:36,178 - csv_logger_handler - INFO - Obtenido los valores mínimo 30.0 y máximo 60.0 del espacio cocina
2024-08-05 07:57:39,234 - csv_logger_handler - INFO - Obtenido el valor 32.55 de la hora 13 del mes de agosto
2024-08-05 07:57:39,234 - csv_logger_handler - INFO - Obtenido los valores mínimo 30.0 y máximo 60.0 del espacio cocina
2024-08-05 07:57:39,234 - csv_logger_handler - INFO - Obtenido los valores mínimo 30.0 y máximo 60.0 del espacio cocina
2024-08-05 08:13:00,045 - csv_logger_handler - INFO - Obtenido el valor 32.55 de la hora 13 del mes de agosto
2024-08-05 08:13:00,046 - csv_logger_handler - INFO - Obtenido los valores mínimo 30.0 y máximo 60.0 del espacio cocina
2024-08-05 08:13:00,046 - csv_logger_handler - INFO - Obtenido los valores mínimo 30.0 y máximo 60.0 del espacio cocina
2024-08-05 08:38:12,233 - csv_logger_handler - INFO - Obtenido el valor 32.55 de la hora 13 del mes de agosto
2024-08-05 08:38:12,233 - csv_logger_handler - INFO - Obtenido los valores mínimo 30.0 y máximo 60.0 del espacio cocina
2024-08-05 08:38:12,233 - csv_logger_handler - INFO - Obtenido los valores mínimo 30.0 y máximo 60.0 del espacio cocina
2024-08-05 08:38:52,750 - csv_logger_handler - INFO - Obtenido el valor 32.55 de la hora 13 del mes de agosto
2024-08-05 08:38:52,750 - csv_logger_handler - INFO - Obtenido los valores mínimo 30.0 y máximo 60.0 del espacio cocina
2024-08-05 08:38:52,750 - csv_logger_handler - INFO - Obtenido los valores mínimo 30.0 y máximo 60.0 del espacio cocina
2024-08-05 08:38:54,112 - csv_logger_handler - INFO - Obtenido el valor 32.55 de la hora 13 del mes de agosto
2024-08-05 08:38:54,112 - csv_logger_handler - INFO - Obtenido los valores mínimo 30.0 y máximo 60.0 del espacio cocina
2024-08-05 08:38:54,112 - csv_logger_handler - INFO - Obtenido los valores mínimo 30.0 y máximo 60.0 del espacio cocina
2024-08-05 08:38:55,037 - csv_logger_handler - INFO - Obtenido el valor 32.55 de la hora 13 del mes de agosto
2024-08-05 08:38:55,037 - csv_logger_handler - INFO - Obtenido los valores mínimo 30.0 y máximo 60.0 del espacio cocina
2024-08-05 08:38:55,037 - csv_logger_handler - INFO - Obtenido los valores mínimo 30.0 y máximo 60.0 del espacio cocina
2024-08-05 08:38:55,754 - csv_logger_handler - INFO - Obtenido el valor 32.55 de la hora 13 del mes de agosto
2024-08-05 08:38:55,755 - csv_logger_handler - INFO - Obtenido los valores mínimo 30.0 y máximo 60.0 del espacio cocina
2024-08-05 08:38:55,755 - csv_logger_handler - INFO - Obtenido los valores mínimo 30.0 y máximo 60.0 del espacio cocina
2024-08-05 08:38:56,448 - csv_logger_handler - INFO - Obtenido el valor 32.55 de la hora 13 del mes de agosto
2024-08-05 08:38:56,448 - csv_logger_handler - INFO - Obtenido los valores mínimo 30.0 y máximo 60.0 del espacio cocina
2024-08-05 08:38:56,448 - csv_logger_handler - INFO - Obtenido los valores mínimo 30.0 y máximo 60.0 del espacio cocina
2024-08-05 08:38:57,032 - csv_logger_handler - INFO - Obtenido el valor 32.55 de la hora 13 del mes de agosto
2024-08-05 08:38:57,032 - csv_logger_handler - INFO - Obtenido los valores mínimo 30.0 y máximo 60.0 del espacio cocina
2024-08-05 08:38:57,032 - csv_logger_handler - INFO - Obtenido los valores mínimo 30.0 y máximo 60.0 del espacio cocina
2024-08-05 08:50:24,942 - csv_logger_handler - INFO - Obtenido el valor 32.55 de la hora 13 del mes de agosto
2024-08-05 08:50:24,942 - csv_logger_handler - INFO - Obtenido los valores mínimo 30.0 y máximo 60.0 del espacio cocina
2024-08-05 08:50:24,942 - csv_logger_handler - INFO - Obtenido los valores mínimo 30.0 y máximo 60.0 del espacio cocina
2024-08-05 08:51:20,586 - csv_logger_handler - INFO - Obtenido el valor 32.55 de la hora 13 del mes de agosto
2024-08-05 08:51:20,586 - csv_logger_handler - INFO - Obtenido los valores mínimo 30.0 y máximo 60.0 del espacio cocina
2024-08-05 08:51:20,586 - csv_logger_handler - INFO - Obtenido los valores mínimo 30.0 y máximo 60.0 del espacio cocina
2024-08-05 09:07:52,060 - csv_logger_handler - INFO - Obtenido el valor 32.55 de la hora 13 del mes de agosto
2024-08-05 09:07:52,060 - csv_logger_handler - INFO - Obtenido los valores mínimo 30.0 y máximo 60.0 del espacio cocina
2024-08-05 09:07:52,060 - csv_logger_handler - INFO - Obtenido los valores mínimo 30.0 y máximo 60.0 del espacio cocina
2024-08-05 09:08:03,784 - csv_logger_handler - INFO - Obtenido el valor 32.55 de la hora 13 del mes de agosto
2024-08-05 09:08:03,784 - csv_logger_handler - INFO - Obtenido los valores mínimo 30.0 y máximo 60.0 del espacio cocina
2024-08-05 09:08:03,784 - csv_logger_handler - INFO - Obtenido los valores mínimo 30.0 y máximo 60.0 del espacio cocina
2024-08-05 09:22:02,053 - csv_logger_handler - INFO - Obtenido el valor 32.55 de la hora 13 del mes de agosto
2024-08-05 09:22:02,053 - csv_logger_handler - INFO - Obtenido los valores mínimo 30.0 y máximo 60.0 del espacio cocina
2024-08-05 09:22:02,053 - csv_logger_handler - INFO - Obtenido los valores mínimo 30.0 y máximo 60.0 del espacio cocina
2024-08-05 09:23:01,533 - csv_logger_handler - INFO - Obtenido el valor 32.55 de la hora 13 del mes de agosto
2024-08-05 09:23:01,534 - csv_logger_handler - INFO - Obtenido los valores mínimo 30.0 y máximo 60.0 del espacio cocina
2024-08-05 09:23:01,534 - csv_logger_handler - INFO - Obtenido los valores mínimo 30.0 y máximo 60.0 del espacio cocina
2024-08-05 09:24:02,038 - csv_logger_handler - INFO - Obtenido el valor 32.55 de la hora 13 del mes de agosto
2024-08-05 09:24:02,038 - csv_logger_handler - INFO - Obtenido los valores mínimo 30.0 y máximo 60.0 del espacio cocina
2024-08-05 09:24:02,038 - csv_logger_handler - INFO - Obtenido los valores mínimo 30.0 y máximo 60.0 del espacio cocina
2024-08-05 09:25:01,544 - csv_logger_handler - INFO - Obtenido el valor 32.55 de la hora 13 del mes de agosto
2024-08-05 09:25:01,544 - csv_logger_handler - INFO - Obtenido los valores mínimo 30.0 y máximo 60.0 del espacio cocina
2024-08-05 09:25:01,544 - csv_logger_handler - INFO - Obtenido los valores mínimo 30.0 y máximo 60.0 del espacio cocina
2024-08-05 09:26:01,991 - csv_logger_handler - INFO - Obtenido el valor 32.55 de la hora 13 del mes de agosto
2024-08-05 09:26:01,992 - csv_logger_handler - INFO - Obtenido los valores mínimo 30.0 y máximo 60.0 del espacio cocina
2024-08-05 09:26:01,992 - csv_logger_handler - INFO - Obtenido los valores mínimo 30.0 y máximo 60.0 del espacio cocina
2024-08-05 09:27:01,472 - csv_logger_handler - INFO - Obtenido el valor 32.55 de la hora 13 del mes de agosto
2024-08-05 09:27:01,473 - csv_logger_handler - INFO - Obtenido los valores mínimo 30.0 y máximo 60.0 del espacio cocina
2024-08-05 09:27:01,473 - csv_logger_handler - INFO - Obtenido los valores mínimo 30.0 y máximo 60.0 del espacio cocina
2024-08-05 09:28:01,963 - csv_logger_handler - INFO - Obtenido el valor 32.55 de la hora 13 del mes de agosto
2024-08-05 09:28:01,963 - csv_logger_handler - INFO - Obtenido los valores mínimo 30.0 y máximo 60.0 del espacio cocina
2024-08-05 09:28:01,963 - csv_logger_handler - INFO - Obtenido los valores mínimo 30.0 y máximo 60.0 del espacio cocina
2024-08-07 07:24:08,620 - csv_logger_handler - INFO - Obtenido el valor 32.55 de la hora 13 del mes de agosto
2024-08-07 07:24:08,620 - csv_logger_handler - INFO - Obtenido los valores mínimo 30.0 y máximo 60.0 del espacio cocina
2024-08-07 07:24:08,620 - csv_logger_handler - INFO - Obtenido los valores mínimo 30.0 y máximo 60.0 del espacio cocina
2024-08-07 07:28:20,617 - csv_logger_handler - INFO - Obtenido el valor 16.82 de la hora 13 del mes de enero
2024-08-07 07:28:20,617 - csv_logger_handler - INFO - Obtenido los valores mínimo 30.0 y máximo 60.0 del espacio cocina
2024-08-07 07:28:20,617 - csv_logger_handler - INFO - Obtenido los valores mínimo 30.0 y máximo 60.0 del espacio cocina
2024-08-07 07:28:29,727 - csv_logger_handler - INFO - Obtenido el valor 16.82 de la hora 13 del mes de enero
2024-08-07 07:28:29,727 - csv_logger_handler - INFO - Obtenido los valores mínimo 30.0 y máximo 60.0 del espacio cocina
2024-08-07 07:28:29,727 - csv_logger_handler - INFO - Obtenido los valores mínimo 30.0 y máximo 60.0 del espacio cocina
2024-08-07 07:28:31,052 - csv_logger_handler - INFO - Obtenido el valor 16.82 de la hora 13 del mes de enero
2024-08-07 07:28:31,052 - csv_logger_handler - INFO - Obtenido los valores mínimo 30.0 y máximo 60.0 del espacio cocina
2024-08-07 07:28:31,052 - csv_logger_handler - INFO - Obtenido los valores mínimo 30.0 y máximo 60.0 del espacio cocina
2024-08-07 07:28:31,883 - csv_logger_handler - INFO - Obtenido el valor 16.82 de la hora 13 del mes de enero
2024-08-07 07:28:31,883 - csv_logger_handler - INFO - Obtenido los valores mínimo 30.0 y máximo 60.0 del espacio cocina
2024-08-07 07:28:31,883 - csv_logger_handler - INFO - Obtenido los valores mínimo 30.0 y máximo 60.0 del espacio cocina
2024-08-07 07:30:20,978 - csv_logger_handler - INFO - Obtenido el valor 18.19 de la hora 19 del mes de enero
2024-08-07 07:30:20,978 - csv_logger_handler - INFO - Obtenido los valores mínimo 30.0 y máximo 60.0 del espacio cocina
2024-08-07 07:30:20,978 - csv_logger_handler - INFO - Obtenido los valores mínimo 30.0 y máximo 60.0 del espacio cocina
2024-08-07 07:30:24,179 - csv_logger_handler - INFO - Obtenido el valor 18.19 de la hora 19 del mes de enero
2024-08-07 07:30:24,179 - csv_logger_handler - INFO - Obtenido los valores mínimo 30.0 y máximo 60.0 del espacio cocina
2024-08-07 07:30:24,179 - csv_logger_handler - INFO - Obtenido los valores mínimo 30.0 y máximo 60.0 del espacio cocina
2024-08-07 07:30:31,859 - csv_logger_handler - INFO - Obtenido el valor 14.95 de la hora 23 del mes de enero
2024-08-07 07:30:31,860 - csv_logger_handler - INFO - Obtenido los valores mínimo 30.0 y máximo 60.0 del espacio cocina
2024-08-07 07:30:31,860 - csv_logger_handler - INFO - Obtenido los valores mínimo 30.0 y máximo 60.0 del espacio cocina
2024-08-07 07:31:13,692 - csv_logger_handler - INFO - Obtenido el valor 14.95 de la hora 23 del mes de enero
2024-08-07 07:31:13,692 - csv_logger_handler - INFO - Obtenido los valores mínimo 30.0 y máximo 60.0 del espacio cocina
2024-08-07 07:31:13,692 - csv_logger_handler - INFO - Obtenido los valores mínimo 30.0 y máximo 60.0 del espacio cocina
2024-08-07 07:38:51,416 - csv_logger_handler - INFO - Obtenido el valor 14.95 de la hora 23 del mes de enero
2024-08-07 07:38:51,417 - csv_logger_handler - INFO - Obtenido los valores mínimo 30.0 y máximo 60.0 del espacio cocina
2024-08-07 07:38:51,417 - csv_logger_handler - INFO - Obtenido los valores mínimo 30.0 y máximo 60.0 del espacio cocina
2024-08-07 07:39:47,528 - csv_logger_handler - INFO - Obtenido el valor 14.95 de la hora 23 del mes de enero
2024-08-07 07:39:47,528 - csv_logger_handler - INFO - Obtenido los valores mínimo 30.0 y máximo 60.0 del espacio cocina
2024-08-07 07:39:47,528 - csv_logger_handler - INFO - Obtenido los valores mínimo 30.0 y máximo 60.0 del espacio cocina
2024-08-07 07:43:18,318 - csv_logger_handler - INFO - Obtenido el valor 14.95 de la hora 23 del mes de enero
2024-08-07 07:43:18,318 - csv_logger_handler - INFO - Obtenido los valores mínimo 30.0 y máximo 60.0 del espacio cocina
2024-08-07 07:43:18,318 - csv_logger_handler - INFO - Obtenido los valores mínimo 30.0 y máximo 60.0 del espacio cocina
2024-08-07 07:53:38,539 - csv_logger_handler - INFO - Obtenido el valor 14.95 de la hora 23 del mes de enero
2024-08-07 07:53:38,539 - csv_logger_handler - INFO - Obtenido los valores mínimo 30.0 y máximo 60.0 del espacio cocina
2024-08-07 07:53:38,539 - csv_logger_handler - INFO - Obtenido los valores mínimo 30.0 y máximo 60.0 del espacio cocina
2024-08-07 07:54:38,970 - csv_logger_handler - INFO - Obtenido el valor 14.95 de la hora 23 del mes de enero
2024-08-07 07:54:38,970 - csv_logger_handler - INFO - Obtenido los valores mínimo 30.0 y máximo 60.0 del espacio cocina
2024-08-07 07:54:38,970 - csv_logger_handler - INFO - Obtenido los valores mínimo 30.0 y máximo 60.0 del espacio cocina
2024-08-07 07:59:42,853 - csv_logger_handler - INFO - Obtenido el valor 14.95 de la hora 23 del mes de enero
2024-08-07 07:59:42,853 - csv_logger_handler - INFO - Obtenido los valores mínimo 30.0 y máximo 60.0 del espacio cocina
2024-08-07 07:59:42,853 - csv_logger_handler - INFO - Obtenido los valores mínimo 30.0 y máximo 60.0 del espacio cocina
2024-08-07 07:59:58,332 - csv_logger_handler - INFO - Obtenido el valor 14.95 de la hora 23 del mes de enero
2024-08-07 07:59:58,332 - csv_logger_handler - INFO - Obtenido los valores mínimo 30.0 y máximo 60.0 del espacio cocina
2024-08-07 07:59:58,332 - csv_logger_handler - INFO - Obtenido los valores mínimo 30.0 y máximo 60.0 del espacio cocina
2024-08-07 08:00:55,276 - csv_logger_handler - INFO - Obtenido el valor 14.95 de la hora 23 del mes de enero
2024-08-07 08:00:55,277 - csv_logger_handler - INFO - Obtenido los valores mínimo 30.0 y máximo 60.0 del espacio cocina
2024-08-07 08:00:55,277 - csv_logger_handler - INFO - Obtenido los valores mínimo 30.0 y máximo 60.0 del espacio cocina
2024-08-07 08:01:35,636 - csv_logger_handler - INFO - Obtenido el valor 14.95 de la hora 23 del mes de enero
2024-08-07 08:01:35,637 - csv_logger_handler - INFO - Obtenido los valores mínimo 30.0 y máximo 60.0 del espacio cocina
2024-08-07 08:01:35,637 - csv_logger_handler - INFO - Obtenido los valores mínimo 30.0 y máximo 60.0 del espacio cocina
2024-08-07 08:03:47,585 - csv_logger_handler - INFO - Obtenido el valor 14.95 de la hora 23 del mes de enero
2024-08-07 08:03:47,585 - csv_logger_handler - INFO - Obtenido los valores mínimo 30.0 y máximo 60.0 del espacio cocina
2024-08-07 08:03:47,585 - csv_logger_handler - INFO - Obtenido los valores mínimo 30.0 y máximo 60.0 del espacio cocina
2024-08-07 08:04:13,093 - csv_logger_handler - INFO - Obtenido el valor 14.95 de la hora 23 del mes de enero
2024-08-07 08:04:13,094 - csv_logger_handler - INFO - Obtenido los valores mínimo 30.0 y máximo 60.0 del espacio cocina
2024-08-07 08:04:13,094 - csv_logger_handler - INFO - Obtenido los valores mínimo 30.0 y máximo 60.0 del espacio cocina
2024-08-07 08:04:24,293 - csv_logger_handler - INFO - Obtenido el valor 14.95 de la hora 23 del mes de enero
2024-08-07 08:04:24,293 - csv_logger_handler - INFO - Obtenido los valores mínimo 30.0 y máximo 60.0 del espacio cocina
2024-08-07 08:04:24,293 - csv_logger_handler - INFO - Obtenido los valores mínimo 30.0 y máximo 60.0 del espacio cocina
2024-08-07 09:11:31,600 - csv_logger_handler - INFO - Obtenido el valor 14.95 de la hora 23 del mes de enero
2024-08-07 09:11:31,601 - csv_logger_handler - INFO - Obtenido los valores mínimo 30.0 y máximo 60.0 del espacio cocina
2024-08-07 09:11:31,601 - csv_logger_handler - INFO - Obtenido los valores mínimo 30.0 y máximo 60.0 del espacio cocina
2024-08-07 09:12:20,458 - csv_logger_handler - INFO - Obtenido el valor 14.95 de la hora 23 del mes de enero
2024-08-07 09:12:20,459 - csv_logger_handler - INFO - Obtenido los valores mínimo 30.0 y máximo 60.0 del espacio cocina
2024-08-07 09:12:20,459 - csv_logger_handler - INFO - Obtenido los valores mínimo 30.0 y máximo 60.0 del espacio cocina
2024-08-07 09:12:28,680 - csv_logger_handler - INFO - Obtenido el valor 14.95 de la hora 23 del mes de enero
2024-08-07 09:12:28,680 - csv_logger_handler - INFO - Obtenido los valores mínimo 30.0 y máximo 60.0 del espacio cocina
2024-08-07 09:12:28,680 - csv_logger_handler - INFO - Obtenido los valores mínimo 30.0 y máximo 60.0 del espacio cocina
2024-08-07 09:13:35,944 - csv_logger_handler - INFO - Obtenido el valor 14.95 de la hora 23 del mes de enero
2024-08-07 09:13:35,944 - csv_logger_handler - INFO - Obtenido los valores mínimo 30.0 y máximo 60.0 del espacio cocina
2024-08-07 09:13:35,944 - csv_logger_handler - INFO - Obtenido los valores mínimo 30.0 y máximo 60.0 del espacio cocina
2024-08-07 09:14:00,721 - csv_logger_handler - INFO - Obtenido el valor 14.95 de la hora 23 del mes de enero
2024-08-07 09:14:00,721 - csv_logger_handler - INFO - Obtenido los valores mínimo 30.0 y máximo 60.0 del espacio cocina
2024-08-07 09:14:00,721 - csv_logger_handler - INFO - Obtenido los valores mínimo 30.0 y máximo 60.0 del espacio cocina
2024-08-07 09:15:38,177 - csv_logger_handler - INFO - Obtenido el valor 14.95 de la hora 23 del mes de enero
2024-08-07 09:15:38,177 - csv_logger_handler - INFO - Obtenido los valores mínimo 30.0 y máximo 60.0 del espacio cocina
2024-08-07 09:15:38,177 - csv_logger_handler - INFO - Obtenido los valores mínimo 30.0 y máximo 60.0 del espacio cocina
2024-08-07 09:15:55,001 - csv_logger_handler - INFO - Obtenido el valor 14.95 de la hora 23 del mes de enero
2024-08-07 09:15:55,002 - csv_logger_handler - INFO - Obtenido los valores mínimo 30.0 y máximo 60.0 del espacio cocina
2024-08-07 09:15:55,002 - csv_logger_handler - INFO - Obtenido los valores mínimo 30.0 y máximo 60.0 del espacio cocina
2024-08-07 10:05:23,124 - csv_logger_handler - INFO - Obtenido el valor 14.95 de la hora 23 del mes de enero
2024-08-07 10:05:23,124 - csv_logger_handler - INFO - Obtenido los valores mínimo 30.0 y máximo 60.0 del espacio cocina
2024-08-07 10:05:23,124 - csv_logger_handler - INFO - Obtenido los valores mínimo 30.0 y máximo 60.0 del espacio cocina
2024-08-07 10:07:09,417 - csv_logger_handler - INFO - Obtenido el valor 14.95 de la hora 23 del mes de enero
2024-08-07 10:07:09,417 - csv_logger_handler - INFO - Obtenido los valores mínimo 30.0 y máximo 60.0 del espacio cocina
2024-08-07 10:07:09,417 - csv_logger_handler - INFO - Obtenido los valores mínimo 30.0 y máximo 60.0 del espacio cocina
2024-08-07 10:07:30,956 - csv_logger_handler - INFO - Obtenido el valor 13.97 de la hora 10 del mes de enero
2024-08-07 10:07:30,956 - csv_logger_handler - INFO - Obtenido los valores mínimo 30.0 y máximo 60.0 del espacio cocina
2024-08-07 10:07:30,956 - csv_logger_handler - INFO - Obtenido los valores mínimo 30.0 y máximo 60.0 del espacio cocina
2024-08-07 10:07:41,407 - csv_logger_handler - INFO - Obtenido el valor 13.97 de la hora 10 del mes de enero
2024-08-07 10:07:41,408 - csv_logger_handler - INFO - Obtenido los valores mínimo 30.0 y máximo 60.0 del espacio cocina
2024-08-07 10:07:41,408 - csv_logger_handler - INFO - Obtenido los valores mínimo 30.0 y máximo 60.0 del espacio cocina
2024-08-07 10:07:46,739 - csv_logger_handler - INFO - Obtenido el valor 13.97 de la hora 10 del mes de enero
2024-08-07 10:07:46,740 - csv_logger_handler - INFO - Obtenido los valores mínimo 30.0 y máximo 60.0 del espacio cocina
2024-08-07 10:07:46,740 - csv_logger_handler - INFO - Obtenido los valores mínimo 30.0 y máximo 60.0 del espacio cocina
2024-08-07 10:07:59,120 - csv_logger_handler - INFO - Obtenido el valor 13.97 de la hora 10 del mes de enero
2024-08-07 10:07:59,120 - csv_logger_handler - INFO - Obtenido los valores mínimo 30.0 y máximo 60.0 del espacio cocina
2024-08-07 10:07:59,120 - csv_logger_handler - INFO - Obtenido los valores mínimo 30.0 y máximo 60.0 del espacio cocina
2024-08-07 10:09:38,233 - csv_logger_handler - INFO - Obtenido el valor 13.97 de la hora 10 del mes de enero
2024-08-07 10:09:38,233 - csv_logger_handler - INFO - Obtenido los valores mínimo 30.0 y máximo 60.0 del espacio cocina
2024-08-07 10:09:38,233 - csv_logger_handler - INFO - Obtenido los valores mínimo 30.0 y máximo 60.0 del espacio cocina
2024-08-07 10:20:21,957 - csv_logger_handler - INFO - Obtenido el valor 13.97 de la hora 10 del mes de enero
2024-08-07 10:20:21,958 - csv_logger_handler - INFO - Obtenido los valores mínimo 30.0 y máximo 60.0 del espacio cocina
2024-08-07 10:20:21,958 - csv_logger_handler - INFO - Obtenido los valores mínimo 30.0 y máximo 60.0 del espacio cocina
2024-08-07 10:23:52,106 - csv_logger_handler - INFO - Obtenido el valor 15.92 de la hora 22 del mes de enero
2024-08-07 10:23:52,107 - csv_logger_handler - INFO - Obtenido los valores mínimo 30.0 y máximo 60.0 del espacio cocina
2024-08-07 10:23:52,107 - csv_logger_handler - INFO - Obtenido los valores mínimo 30.0 y máximo 60.0 del espacio cocina
2024-08-07 10:24:14,687 - csv_logger_handler - INFO - Obtenido el valor 15.92 de la hora 22 del mes de enero
2024-08-07 10:24:14,687 - csv_logger_handler - INFO - Obtenido los valores mínimo 30.0 y máximo 60.0 del espacio cocina
2024-08-07 10:24:14,687 - csv_logger_handler - INFO - Obtenido los valores mínimo 30.0 y máximo 60.0 del espacio cocina
2024-08-07 10:24:37,397 - csv_logger_handler - INFO - Obtenido el valor 15.92 de la hora 22 del mes de enero
2024-08-07 10:24:37,397 - csv_logger_handler - INFO - Obtenido los valores mínimo 30.0 y máximo 60.0 del espacio cocina
2024-08-07 10:24:37,397 - csv_logger_handler - INFO - Obtenido los valores mínimo 30.0 y máximo 60.0 del espacio cocina
2024-08-07 10:24:52,456 - csv_logger_handler - INFO - Obtenido el valor 15.92 de la hora 22 del mes de enero
2024-08-07 10:24:52,457 - csv_logger_handler - INFO - Obtenido los valores mínimo 30.0 y máximo 60.0 del espacio cocina
2024-08-07 10:24:52,457 - csv_logger_handler - INFO - Obtenido los valores mínimo 30.0 y máximo 60.0 del espacio cocina
2024-08-07 10:28:25,237 - csv_logger_handler - INFO - Obtenido el valor 15.92 de la hora 22 del mes de enero
2024-08-07 10:28:25,237 - csv_logger_handler - INFO - Obtenido los valores mínimo 30.0 y máximo 60.0 del espacio cocina
2024-08-07 10:28:25,237 - csv_logger_handler - INFO - Obtenido los valores mínimo 30.0 y máximo 60.0 del espacio cocina
2024-08-07 10:28:26,454 - csv_logger_handler - INFO - Obtenido el valor 15.92 de la hora 22 del mes de enero
2024-08-07 10:28:26,455 - csv_logger_handler - INFO - Obtenido los valores mínimo 30.0 y máximo 60.0 del espacio cocina
2024-08-07 10:28:26,455 - csv_logger_handler - INFO - Obtenido los valores mínimo 30.0 y máximo 60.0 del espacio cocina
2024-08-07 10:28:33,963 - csv_logger_handler - INFO - Obtenido el valor 15.92 de la hora 22 del mes de enero
2024-08-07 10:28:33,963 - csv_logger_handler - INFO - Obtenido los valores mínimo 30.0 y máximo 60.0 del espacio cocina
2024-08-07 10:28:33,963 - csv_logger_handler - INFO - Obtenido los valores mínimo 30.0 y máximo 60.0 del espacio cocina
2024-08-07 10:28:39,910 - csv_logger_handler - INFO - Obtenido el valor 15.92 de la hora 22 del mes de enero
2024-08-07 10:28:39,910 - csv_logger_handler - INFO - Obtenido los valores mínimo 30.0 y máximo 60.0 del espacio cocina
2024-08-07 10:28:39,910 - csv_logger_handler - INFO - Obtenido los valores mínimo 30.0 y máximo 60.0 del espacio cocina
2024-08-07 10:28:44,851 - csv_logger_handler - INFO - Obtenido el valor 15.92 de la hora 22 del mes de enero
2024-08-07 10:28:44,852 - csv_logger_handler - INFO - Obtenido los valores mínimo 30.0 y máximo 60.0 del espacio cocina
2024-08-07 10:28:44,852 - csv_logger_handler - INFO - Obtenido los valores mínimo 30.0 y máximo 60.0 del espacio cocina
2024-08-07 23:17:41,670 - csv_logger_handler - INFO - Obtenido el valor 24.64 de la hora 19 del mes de abril
2024-08-07 23:17:41,672 - csv_logger_handler - INFO - Obtenido los valores mínimo 30.0 y máximo 60.0 del espacio cocina
2024-08-07 23:17:41,672 - csv_logger_handler - INFO - Obtenido los valores mínimo 30.0 y máximo 60.0 del espacio cocina
2024-08-08 00:05:26,951 - csv_logger_handler - INFO - Obtenido el valor 24.64 de la hora 19 del mes de abril
2024-08-08 00:05:26,951 - csv_logger_handler - INFO - Obtenido los valores mínimo 30.0 y máximo 60.0 del espacio cocina
2024-08-08 00:05:26,951 - csv_logger_handler - INFO - Obtenido los valores mínimo 30.0 y máximo 60.0 del espacio cocina
2024-08-08 00:05:40,450 - csv_logger_handler - INFO - Obtenido el valor 24.64 de la hora 19 del mes de abril
2024-08-08 00:05:40,450 - csv_logger_handler - INFO - Obtenido los valores mínimo 30.0 y máximo 60.0 del espacio cocina
2024-08-08 00:05:40,450 - csv_logger_handler - INFO - Obtenido los valores mínimo 30.0 y máximo 60.0 del espacio cocina
2024-08-08 14:08:28,354 - csv_logger_handler - INFO - Obtenido el valor 24.64 de la hora 19 del mes de abril
2024-08-08 14:08:28,356 - csv_logger_handler - INFO - Obtenido los valores mínimo 30.0 y máximo 60.0 del espacio cocina
2024-08-08 14:08:28,356 - csv_logger_handler - INFO - Obtenido los valores mínimo 30.0 y máximo 60.0 del espacio cocina
2024-08-18 20:02:10,047 - csv_logger_handler - INFO - Obtenido el valor 24.64 de la hora 19 del mes de abril
2024-08-18 20:02:10,054 - csv_logger_handler - INFO - Obtenido los valores mínimo 30.0 y máximo 60.0 del espacio cocina
2024-08-18 20:02:10,054 - csv_logger_handler - INFO - Obtenido los valores mínimo 30.0 y máximo 60.0 del espacio cocina
2024-08-18 20:25:17,955 - csv_logger_handler - INFO - Obtenido el valor 24.64 de la hora 19 del mes de abril
2024-08-18 20:25:17,956 - csv_logger_handler - INFO - Obtenido los valores mínimo 30.0 y máximo 60.0 del espacio cocina
2024-08-18 20:25:17,956 - csv_logger_handler - INFO - Obtenido los valores mínimo 30.0 y máximo 60.0 del espacio cocina
2024-08-18 20:25:44,838 - csv_logger_handler - INFO - Obtenido el valor 33.94 de la hora 20 del mes de agosto
2024-08-18 20:25:44,838 - csv_logger_handler - INFO - Obtenido los valores mínimo 30.0 y máximo 60.0 del espacio cocina
2024-08-18 20:25:44,838 - csv_logger_handler - INFO - Obtenido los valores mínimo 30.0 y máximo 60.0 del espacio cocina
2024-08-18 20:26:12,352 - csv_logger_handler - INFO - Obtenido el valor 33.94 de la hora 20 del mes de agosto
2024-08-18 20:26:12,353 - csv_logger_handler - INFO - Obtenido los valores mínimo 30.0 y máximo 60.0 del espacio cocina
2024-08-18 20:26:12,353 - csv_logger_handler - INFO - Obtenido los valores mínimo 30.0 y máximo 60.0 del espacio cocina
2024-08-18 20:26:16,058 - csv_logger_handler - INFO - Obtenido el valor 33.94 de la hora 20 del mes de agosto
2024-08-18 20:26:16,058 - csv_logger_handler - INFO - Obtenido los valores mínimo 30.0 y máximo 60.0 del espacio cocina
2024-08-18 20:26:16,058 - csv_logger_handler - INFO - Obtenido los valores mínimo 30.0 y máximo 60.0 del espacio cocina
2024-08-18 20:26:17,973 - csv_logger_handler - INFO - Obtenido el valor 33.94 de la hora 20 del mes de agosto
2024-08-18 20:26:17,974 - csv_logger_handler - INFO - Obtenido los valores mínimo 30.0 y máximo 60.0 del espacio cocina
2024-08-18 20:26:17,974 - csv_logger_handler - INFO - Obtenido los valores mínimo 30.0 y máximo 60.0 del espacio cocina
2024-08-18 20:26:19,506 - csv_logger_handler - INFO - Obtenido el valor 33.94 de la hora 20 del mes de agosto
2024-08-18 20:26:19,507 - csv_logger_handler - INFO - Obtenido los valores mínimo 30.0 y máximo 60.0 del espacio cocina
2024-08-18 20:26:19,507 - csv_logger_handler - INFO - Obtenido los valores mínimo 30.0 y máximo 60.0 del espacio cocina
2024-08-18 20:26:21,349 - csv_logger_handler - INFO - Obtenido el valor 33.94 de la hora 20 del mes de agosto
2024-08-18 20:26:21,350 - csv_logger_handler - INFO - Obtenido los valores mínimo 30.0 y máximo 60.0 del espacio cocina
2024-08-18 20:26:21,350 - csv_logger_handler - INFO - Obtenido los valores mínimo 30.0 y máximo 60.0 del espacio cocina
2024-08-18 20:26:23,024 - csv_logger_handler - INFO - Obtenido el valor 33.94 de la hora 20 del mes de agosto
2024-08-18 20:26:23,025 - csv_logger_handler - INFO - Obtenido los valores mínimo 30.0 y máximo 60.0 del espacio cocina
2024-08-18 20:26:23,025 - csv_logger_handler - INFO - Obtenido los valores mínimo 30.0 y máximo 60.0 del espacio cocina
2024-08-18 20:26:37,309 - csv_logger_handler - INFO - Obtenido el valor 33.94 de la hora 20 del mes de agosto
2024-08-18 20:26:37,309 - csv_logger_handler - INFO - Obtenido los valores mínimo 30.0 y máximo 60.0 del espacio cocina
2024-08-18 20:26:37,309 - csv_logger_handler - INFO - Obtenido los valores mínimo 30.0 y máximo 60.0 del espacio cocina
2024-08-18 20:28:05,606 - csv_logger_handler - INFO - Obtenido el valor 33.94 de la hora 20 del mes de agosto
2024-08-18 20:28:05,607 - csv_logger_handler - INFO - Obtenido los valores mínimo 30.0 y máximo 60.0 del espacio cocina
2024-08-18 20:28:05,607 - csv_logger_handler - INFO - Obtenido los valores mínimo 30.0 y máximo 60.0 del espacio cocina
2024-08-18 20:32:28,033 - csv_logger_handler - INFO - Obtenido el valor 33.94 de la hora 20 del mes de agosto
2024-08-18 20:32:28,034 - csv_logger_handler - INFO - Obtenido los valores mínimo 30.0 y máximo 60.0 del espacio cocina
2024-08-18 20:32:28,034 - csv_logger_handler - INFO - Obtenido los valores mínimo 30.0 y máximo 60.0 del espacio cocina
2024-08-18 20:32:55,415 - csv_logger_handler - INFO - Obtenido el valor 33.94 de la hora 20 del mes de agosto
2024-08-18 20:32:55,416 - csv_logger_handler - INFO - Obtenido los valores mínimo 30.0 y máximo 60.0 del espacio cocina
2024-08-18 20:32:55,416 - csv_logger_handler - INFO - Obtenido los valores mínimo 30.0 y máximo 60.0 del espacio cocina
2024-08-18 21:07:22,588 - csv_logger_handler - INFO - Obtenido el valor 32.55 de la hora 21 del mes de agosto
2024-08-18 21:07:22,589 - csv_logger_handler - INFO - Obtenido los valores mínimo 30.0 y máximo 60.0 del espacio cocina
2024-08-18 21:07:22,589 - csv_logger_handler - INFO - Obtenido los valores mínimo 30.0 y máximo 60.0 del espacio cocina
2024-08-18 21:13:23,737 - csv_logger_handler - INFO - Obtenido el valor 32.55 de la hora 21 del mes de agosto
2024-08-18 21:13:23,737 - csv_logger_handler - INFO - Obtenido los valores mínimo 30.0 y máximo 60.0 del espacio cocina
2024-08-18 21:13:23,737 - csv_logger_handler - INFO - Obtenido los valores mínimo 30.0 y máximo 60.0 del espacio cocina
2024-08-18 21:14:12,702 - csv_logger_handler - INFO - Obtenido el valor 32.55 de la hora 21 del mes de agosto
2024-08-18 21:14:12,702 - csv_logger_handler - INFO - Obtenido los valores mínimo 30.0 y máximo 60.0 del espacio cocina
2024-08-18 21:14:12,702 - csv_logger_handler - INFO - Obtenido los valores mínimo 30.0 y máximo 60.0 del espacio cocina
2024-08-18 21:14:28,310 - csv_logger_handler - INFO - Obtenido el valor 32.55 de la hora 21 del mes de agosto
2024-08-18 21:14:28,310 - csv_logger_handler - INFO - Obtenido los valores mínimo 30.0 y máximo 60.0 del espacio cocina
2024-08-18 21:14:28,310 - csv_logger_handler - INFO - Obtenido los valores mínimo 30.0 y máximo 60.0 del espacio cocina
2024-08-18 21:18:55,604 - csv_logger_handler - INFO - Obtenido el valor 32.55 de la hora 21 del mes de agosto
2024-08-18 21:18:55,605 - csv_logger_handler - INFO - Obtenido los valores mínimo 30.0 y máximo 60.0 del espacio cocina
2024-08-18 21:18:55,605 - csv_logger_handler - INFO - Obtenido los valores mínimo 30.0 y máximo 60.0 del espacio cocina
2024-08-18 21:19:04,419 - csv_logger_handler - INFO - Obtenido el valor 32.55 de la hora 21 del mes de agosto
2024-08-18 21:19:04,419 - csv_logger_handler - INFO - Obtenido los valores mínimo 30.0 y máximo 60.0 del espacio cocina
2024-08-18 21:19:04,419 - csv_logger_handler - INFO - Obtenido los valores mínimo 30.0 y máximo 60.0 del espacio cocina
2024-08-18 21:19:26,730 - csv_logger_handler - INFO - Obtenido el valor 32.55 de la hora 21 del mes de agosto
2024-08-18 21:19:26,731 - csv_logger_handler - INFO - Obtenido los valores mínimo 30.0 y máximo 60.0 del espacio cocina
2024-08-18 21:19:26,731 - csv_logger_handler - INFO - Obtenido los valores mínimo 30.0 y máximo 60.0 del espacio cocina
2024-08-18 21:19:44,164 - csv_logger_handler - INFO - Obtenido el valor 32.55 de la hora 21 del mes de agosto
2024-08-18 21:19:44,164 - csv_logger_handler - INFO - Obtenido los valores mínimo 30.0 y máximo 60.0 del espacio cocina
2024-08-18 21:19:44,164 - csv_logger_handler - INFO - Obtenido los valores mínimo 30.0 y máximo 60.0 del espacio cocina
2024-08-18 21:20:39,159 - csv_logger_handler - INFO - Obtenido el valor 32.55 de la hora 21 del mes de agosto
2024-08-18 21:20:39,160 - csv_logger_handler - INFO - Obtenido los valores mínimo 30.0 y máximo 60.0 del espacio cocina
2024-08-18 21:20:39,160 - csv_logger_handler - INFO - Obtenido los valores mínimo 30.0 y máximo 60.0 del espacio cocina
2024-08-18 21:20:41,134 - csv_logger_handler - INFO - Obtenido el valor 32.55 de la hora 21 del mes de agosto
2024-08-18 21:20:41,134 - csv_logger_handler - INFO - Obtenido los valores mínimo 30.0 y máximo 60.0 del espacio cocina
2024-08-18 21:20:41,134 - csv_logger_handler - INFO - Obtenido los valores mínimo 30.0 y máximo 60.0 del espacio cocina
2024-08-18 21:20:43,046 - csv_logger_handler - INFO - Obtenido el valor 32.55 de la hora 21 del mes de agosto
2024-08-18 21:20:43,047 - csv_logger_handler - INFO - Obtenido los valores mínimo 30.0 y máximo 60.0 del espacio cocina
2024-08-18 21:20:43,047 - csv_logger_handler - INFO - Obtenido los valores mínimo 30.0 y máximo 60.0 del espacio cocina
2024-08-18 21:20:48,362 - csv_logger_handler - INFO - Obtenido el valor 32.55 de la hora 21 del mes de agosto
2024-08-18 21:20:48,362 - csv_logger_handler - INFO - Obtenido los valores mínimo 30.0 y máximo 60.0 del espacio cocina
2024-08-18 21:20:48,362 - csv_logger_handler - INFO - Obtenido los valores mínimo 30.0 y máximo 60.0 del espacio cocina
2024-08-18 21:20:54,736 - csv_logger_handler - INFO - Obtenido el valor 32.55 de la hora 21 del mes de agosto
2024-08-18 21:20:54,737 - csv_logger_handler - INFO - Obtenido los valores mínimo 30.0 y máximo 60.0 del espacio cocina
2024-08-18 21:20:54,737 - csv_logger_handler - INFO - Obtenido los valores mínimo 30.0 y máximo 60.0 del espacio cocina
2024-08-18 21:21:03,655 - csv_logger_handler - INFO - Obtenido el valor 32.55 de la hora 21 del mes de agosto
2024-08-18 21:21:03,656 - csv_logger_handler - INFO - Obtenido los valores mínimo 30.0 y máximo 60.0 del espacio cocina
2024-08-18 21:21:03,656 - csv_logger_handler - INFO - Obtenido los valores mínimo 30.0 y máximo 60.0 del espacio cocina
2024-08-18 21:23:21,790 - csv_logger_handler - INFO - Obtenido el valor 32.55 de la hora 21 del mes de agosto
2024-08-18 21:23:21,790 - csv_logger_handler - INFO - Obtenido los valores mínimo 30.0 y máximo 60.0 del espacio cocina
2024-08-18 21:23:21,790 - csv_logger_handler - INFO - Obtenido los valores mínimo 30.0 y máximo 60.0 del espacio cocina
2024-08-18 21:36:20,422 - csv_logger_handler - INFO - Obtenido el valor 32.55 de la hora 21 del mes de agosto
2024-08-18 21:36:20,422 - csv_logger_handler - INFO - Obtenido los valores mínimo 30.0 y máximo 60.0 del espacio cocina
2024-08-18 21:36:20,422 - csv_logger_handler - INFO - Obtenido los valores mínimo 30.0 y máximo 60.0 del espacio cocina
2024-08-18 21:42:03,075 - csv_logger_handler - INFO - Obtenido el valor 32.55 de la hora 21 del mes de agosto
2024-08-18 21:42:03,076 - csv_logger_handler - INFO - Obtenido los valores mínimo 30.0 y máximo 60.0 del espacio cocina
2024-08-18 21:42:03,076 - csv_logger_handler - INFO - Obtenido los valores mínimo 30.0 y máximo 60.0 del espacio cocina
2024-08-18 21:42:18,880 - csv_logger_handler - INFO - Obtenido el valor 32.55 de la hora 21 del mes de agosto
2024-08-18 21:42:18,880 - csv_logger_handler - INFO - Obtenido los valores mínimo 30.0 y máximo 60.0 del espacio cocina
2024-08-18 21:42:18,880 - csv_logger_handler - INFO - Obtenido los valores mínimo 30.0 y máximo 60.0 del espacio cocina
2024-08-19 11:45:54,209 - csv_logger_handler - INFO - Obtenido el valor 29.20 de la hora 11 del mes de agosto
2024-08-19 11:45:54,210 - csv_logger_handler - INFO - Obtenido los valores mínimo 30.0 y máximo 60.0 del espacio cocina
2024-08-19 11:45:54,210 - csv_logger_handler - INFO - Obtenido los valores mínimo 30.0 y máximo 60.0 del espacio cocina
2024-08-19 11:49:56,788 - csv_logger_handler - INFO - Obtenido el valor 29.20 de la hora 11 del mes de agosto
2024-08-19 11:49:56,789 - csv_logger_handler - INFO - Obtenido los valores mínimo 30.0 y máximo 60.0 del espacio cocina
2024-08-19 11:49:56,789 - csv_logger_handler - INFO - Obtenido los valores mínimo 30.0 y máximo 60.0 del espacio cocina
2024-08-19 11:50:14,433 - csv_logger_handler - INFO - Obtenido el valor 29.20 de la hora 11 del mes de agosto
2024-08-19 11:50:14,433 - csv_logger_handler - INFO - Obtenido los valores mínimo 30.0 y máximo 60.0 del espacio cocina
2024-08-19 11:50:14,433 - csv_logger_handler - INFO - Obtenido los valores mínimo 30.0 y máximo 60.0 del espacio cocina
2024-08-19 12:31:40,676 - csv_logger_handler - INFO - Obtenido el valor 30.93 de la hora 12 del mes de agosto
2024-08-19 12:31:40,678 - csv_logger_handler - INFO - Obtenido los valores mínimo 30.0 y máximo 60.0 del espacio cocina
2024-08-19 12:31:40,678 - csv_logger_handler - INFO - Obtenido los valores mínimo 30.0 y máximo 60.0 del espacio cocina
2024-08-19 12:31:45,645 - csv_logger_handler - INFO - Obtenido el valor 30.93 de la hora 12 del mes de agosto
2024-08-19 12:31:45,645 - csv_logger_handler - INFO - Obtenido los valores mínimo 30.0 y máximo 60.0 del espacio cocina
2024-08-19 12:31:45,645 - csv_logger_handler - INFO - Obtenido los valores mínimo 30.0 y máximo 60.0 del espacio cocina
2024-08-19 12:34:15,990 - csv_logger_handler - INFO - Obtenido el valor 30.93 de la hora 12 del mes de agosto
2024-08-19 12:34:15,990 - csv_logger_handler - INFO - Obtenido los valores mínimo 30.0 y máximo 60.0 del espacio cocina
2024-08-19 12:34:15,990 - csv_logger_handler - INFO - Obtenido los valores mínimo 30.0 y máximo 60.0 del espacio cocina
2024-08-19 12:35:04,948 - csv_logger_handler - INFO - Obtenido el valor 30.93 de la hora 12 del mes de agosto
2024-08-19 12:35:04,948 - csv_logger_handler - INFO - Obtenido los valores mínimo 30.0 y máximo 60.0 del espacio cocina
2024-08-19 12:35:04,948 - csv_logger_handler - INFO - Obtenido los valores mínimo 30.0 y máximo 60.0 del espacio cocina
2024-08-19 12:36:29,511 - csv_logger_handler - INFO - Obtenido el valor 30.93 de la hora 12 del mes de agosto
2024-08-19 12:36:29,512 - csv_logger_handler - INFO - Obtenido los valores mínimo 30.0 y máximo 60.0 del espacio cocina
2024-08-19 12:36:29,512 - csv_logger_handler - INFO - Obtenido los valores mínimo 30.0 y máximo 60.0 del espacio cocina
2024-08-19 12:36:31,014 - csv_logger_handler - INFO - Obtenido el valor 30.93 de la hora 12 del mes de agosto
2024-08-19 12:36:31,015 - csv_logger_handler - INFO - Obtenido los valores mínimo 30.0 y máximo 60.0 del espacio cocina
2024-08-19 12:36:31,015 - csv_logger_handler - INFO - Obtenido los valores mínimo 30.0 y máximo 60.0 del espacio cocina
2024-08-19 12:37:41,593 - csv_logger_handler - INFO - Obtenido el valor 30.93 de la hora 12 del mes de agosto
2024-08-19 12:37:41,593 - csv_logger_handler - INFO - Obtenido los valores mínimo 30.0 y máximo 60.0 del espacio cocina
2024-08-19 12:37:41,593 - csv_logger_handler - INFO - Obtenido los valores mínimo 30.0 y máximo 60.0 del espacio cocina
2024-08-19 13:15:40,737 - csv_logger_handler - INFO - Obtenido el valor 32.55 de la hora 13 del mes de agosto
2024-08-19 13:15:40,737 - csv_logger_handler - INFO - Obtenido los valores mínimo 30.0 y máximo 60.0 del espacio cocina
2024-08-19 13:15:40,737 - csv_logger_handler - INFO - Obtenido los valores mínimo 30.0 y máximo 60.0 del espacio cocina
2024-08-20 14:16:55,042 - csv_logger_handler - INFO - Obtenido el valor 33.94 de la hora 14 del mes de agosto
2024-08-20 14:16:55,043 - csv_logger_handler - INFO - Obtenido los valores mínimo 30.0 y máximo 60.0 del espacio cocina
2024-08-20 14:16:55,043 - csv_logger_handler - INFO - Obtenido los valores mínimo 30.0 y máximo 60.0 del espacio cocina
2024-08-20 14:21:41,368 - csv_logger_handler - INFO - Obtenido el valor 33.94 de la hora 14 del mes de agosto
2024-08-20 14:21:41,368 - csv_logger_handler - INFO - Obtenido los valores mínimo 30.0 y máximo 60.0 del espacio cocina
2024-08-20 14:21:41,368 - csv_logger_handler - INFO - Obtenido los valores mínimo 30.0 y máximo 60.0 del espacio cocina
2024-08-20 14:46:48,912 - csv_logger_handler - INFO - Obtenido el valor 33.94 de la hora 14 del mes de agosto
2024-08-20 14:46:48,912 - csv_logger_handler - INFO - Obtenido los valores mínimo 30.0 y máximo 60.0 del espacio cocina
2024-08-20 14:46:48,912 - csv_logger_handler - INFO - Obtenido los valores mínimo 30.0 y máximo 60.0 del espacio cocina
2024-08-20 14:47:03,121 - csv_logger_handler - INFO - Obtenido el valor 33.94 de la hora 14 del mes de agosto
2024-08-20 14:47:03,122 - csv_logger_handler - INFO - Obtenido los valores mínimo 30.0 y máximo 60.0 del espacio cocina
2024-08-20 14:47:03,122 - csv_logger_handler - INFO - Obtenido los valores mínimo 30.0 y máximo 60.0 del espacio cocina
2024-08-20 14:47:11,992 - csv_logger_handler - INFO - Obtenido el valor 33.94 de la hora 14 del mes de agosto
2024-08-20 14:47:11,992 - csv_logger_handler - INFO - Obtenido los valores mínimo 30.0 y máximo 60.0 del espacio cocina
2024-08-20 14:47:11,992 - csv_logger_handler - INFO - Obtenido los valores mínimo 30.0 y máximo 60.0 del espacio cocina
2024-08-20 14:47:27,190 - csv_logger_handler - INFO - Obtenido el valor 33.94 de la hora 14 del mes de agosto
2024-08-20 14:47:27,191 - csv_logger_handler - INFO - Obtenido los valores mínimo 30.0 y máximo 60.0 del espacio cocina
2024-08-20 14:47:27,191 - csv_logger_handler - INFO - Obtenido los valores mínimo 30.0 y máximo 60.0 del espacio cocina
2024-08-20 14:48:32,957 - csv_logger_handler - INFO - Obtenido el valor 33.94 de la hora 14 del mes de agosto
2024-08-20 14:48:32,958 - csv_logger_handler - INFO - Obtenido los valores mínimo 30.0 y máximo 60.0 del espacio cocina
2024-08-20 14:48:32,958 - csv_logger_handler - INFO - Obtenido los valores mínimo 30.0 y máximo 60.0 del espacio cocina
2024-08-20 14:48:56,585 - csv_logger_handler - INFO - Obtenido el valor 33.94 de la hora 14 del mes de agosto
2024-08-20 14:48:56,586 - csv_logger_handler - INFO - Obtenido los valores mínimo 30.0 y máximo 60.0 del espacio cocina
2024-08-20 14:48:56,586 - csv_logger_handler - INFO - Obtenido los valores mínimo 30.0 y máximo 60.0 del espacio cocina
2024-08-20 14:49:13,783 - csv_logger_handler - INFO - Obtenido el valor 33.94 de la hora 14 del mes de agosto
2024-08-20 14:49:13,783 - csv_logger_handler - INFO - Obtenido los valores mínimo 30.0 y máximo 60.0 del espacio cocina
2024-08-20 14:49:13,783 - csv_logger_handler - INFO - Obtenido los valores mínimo 30.0 y máximo 60.0 del espacio cocina
2024-08-20 14:51:05,813 - csv_logger_handler - INFO - Obtenido el valor 33.94 de la hora 14 del mes de agosto
2024-08-20 14:51:05,813 - csv_logger_handler - INFO - Obtenido los valores mínimo 30.0 y máximo 60.0 del espacio cocina
2024-08-20 14:51:05,813 - csv_logger_handler - INFO - Obtenido los valores mínimo 30.0 y máximo 60.0 del espacio cocina
2024-08-20 14:53:35,856 - csv_logger_handler - INFO - Obtenido el valor 33.94 de la hora 14 del mes de agosto
2024-08-20 14:53:35,856 - csv_logger_handler - INFO - Obtenido los valores mínimo 30.0 y máximo 60.0 del espacio cocina
2024-08-20 14:53:35,856 - csv_logger_handler - INFO - Obtenido los valores mínimo 30.0 y máximo 60.0 del espacio cocina
2024-08-20 14:54:54,119 - csv_logger_handler - INFO - Obtenido el valor 33.94 de la hora 14 del mes de agosto
2024-08-20 14:54:54,119 - csv_logger_handler - INFO - Obtenido los valores mínimo 30.0 y máximo 60.0 del espacio cocina
2024-08-20 14:54:54,119 - csv_logger_handler - INFO - Obtenido los valores mínimo 30.0 y máximo 60.0 del espacio cocina
2024-08-20 14:56:10,354 - csv_logger_handler - INFO - Obtenido el valor 33.94 de la hora 14 del mes de agosto
2024-08-20 14:56:10,354 - csv_logger_handler - INFO - Obtenido los valores mínimo 30.0 y máximo 60.0 del espacio cocina
2024-08-20 14:56:10,354 - csv_logger_handler - INFO - Obtenido los valores mínimo 30.0 y máximo 60.0 del espacio cocina
2024-08-20 14:57:51,830 - csv_logger_handler - INFO - Obtenido el valor 33.94 de la hora 14 del mes de agosto
2024-08-20 14:57:51,830 - csv_logger_handler - INFO - Obtenido los valores mínimo 30.0 y máximo 60.0 del espacio cocina
2024-08-20 14:57:51,830 - csv_logger_handler - INFO - Obtenido los valores mínimo 30.0 y máximo 60.0 del espacio cocina
2024-08-20 14:58:17,264 - csv_logger_handler - INFO - Obtenido el valor 33.94 de la hora 14 del mes de agosto
2024-08-20 14:58:17,265 - csv_logger_handler - INFO - Obtenido los valores mínimo 30.0 y máximo 60.0 del espacio cocina
2024-08-20 14:58:17,265 - csv_logger_handler - INFO - Obtenido los valores mínimo 30.0 y máximo 60.0 del espacio cocina
2024-08-20 15:13:11,700 - csv_logger_handler - INFO - Obtenido el valor 35.00 de la hora 15 del mes de agosto
2024-08-20 15:13:11,700 - csv_logger_handler - INFO - Obtenido los valores mínimo 30.0 y máximo 60.0 del espacio cocina
2024-08-20 15:13:11,700 - csv_logger_handler - INFO - Obtenido los valores mínimo 30.0 y máximo 60.0 del espacio cocina
2024-08-20 15:13:12,854 - csv_logger_handler - INFO - Obtenido el valor 35.00 de la hora 15 del mes de agosto
2024-08-20 15:13:12,854 - csv_logger_handler - INFO - Obtenido los valores mínimo 30.0 y máximo 60.0 del espacio cocina
2024-08-20 15:13:12,854 - csv_logger_handler - INFO - Obtenido los valores mínimo 30.0 y máximo 60.0 del espacio cocina
2024-08-20 15:13:13,851 - csv_logger_handler - INFO - Obtenido el valor 35.00 de la hora 15 del mes de agosto
2024-08-20 15:13:13,851 - csv_logger_handler - INFO - Obtenido los valores mínimo 30.0 y máximo 60.0 del espacio cocina
2024-08-20 15:13:13,851 - csv_logger_handler - INFO - Obtenido los valores mínimo 30.0 y máximo 60.0 del espacio cocina
2024-08-20 15:13:14,758 - csv_logger_handler - INFO - Obtenido el valor 35.00 de la hora 15 del mes de agosto
2024-08-20 15:13:14,758 - csv_logger_handler - INFO - Obtenido los valores mínimo 30.0 y máximo 60.0 del espacio cocina
2024-08-20 15:13:14,758 - csv_logger_handler - INFO - Obtenido los valores mínimo 30.0 y máximo 60.0 del espacio cocina
2024-08-20 15:13:15,658 - csv_logger_handler - INFO - Obtenido el valor 35.00 de la hora 15 del mes de agosto
2024-08-20 15:13:15,658 - csv_logger_handler - INFO - Obtenido los valores mínimo 30.0 y máximo 60.0 del espacio cocina
2024-08-20 15:13:15,658 - csv_logger_handler - INFO - Obtenido los valores mínimo 30.0 y máximo 60.0 del espacio cocina
2024-08-20 15:13:16,601 - csv_logger_handler - INFO - Obtenido el valor 35.00 de la hora 15 del mes de agosto
2024-08-20 15:13:16,602 - csv_logger_handler - INFO - Obtenido los valores mínimo 30.0 y máximo 60.0 del espacio cocina
2024-08-20 15:13:16,602 - csv_logger_handler - INFO - Obtenido los valores mínimo 30.0 y máximo 60.0 del espacio cocina
2024-08-20 15:13:17,487 - csv_logger_handler - INFO - Obtenido el valor 35.00 de la hora 15 del mes de agosto
2024-08-20 15:13:17,488 - csv_logger_handler - INFO - Obtenido los valores mínimo 30.0 y máximo 60.0 del espacio cocina
2024-08-20 15:13:17,488 - csv_logger_handler - INFO - Obtenido los valores mínimo 30.0 y máximo 60.0 del espacio cocina
2024-08-20 15:13:18,317 - csv_logger_handler - INFO - Obtenido el valor 35.00 de la hora 15 del mes de agosto
2024-08-20 15:13:18,317 - csv_logger_handler - INFO - Obtenido los valores mínimo 30.0 y máximo 60.0 del espacio cocina
2024-08-20 15:13:18,317 - csv_logger_handler - INFO - Obtenido los valores mínimo 30.0 y máximo 60.0 del espacio cocina
2024-08-20 15:13:19,155 - csv_logger_handler - INFO - Obtenido el valor 35.00 de la hora 15 del mes de agosto
2024-08-20 15:13:19,155 - csv_logger_handler - INFO - Obtenido los valores mínimo 30.0 y máximo 60.0 del espacio cocina
2024-08-20 15:13:19,155 - csv_logger_handler - INFO - Obtenido los valores mínimo 30.0 y máximo 60.0 del espacio cocina
2024-08-20 15:13:20,407 - csv_logger_handler - INFO - Obtenido el valor 35.00 de la hora 15 del mes de agosto
2024-08-20 15:13:20,407 - csv_logger_handler - INFO - Obtenido los valores mínimo 30.0 y máximo 60.0 del espacio cocina
2024-08-20 15:13:20,407 - csv_logger_handler - INFO - Obtenido los valores mínimo 30.0 y máximo 60.0 del espacio cocina
2024-08-20 15:13:21,250 - csv_logger_handler - INFO - Obtenido el valor 35.00 de la hora 15 del mes de agosto
2024-08-20 15:13:21,251 - csv_logger_handler - INFO - Obtenido los valores mínimo 30.0 y máximo 60.0 del espacio cocina
2024-08-20 15:13:21,251 - csv_logger_handler - INFO - Obtenido los valores mínimo 30.0 y máximo 60.0 del espacio cocina
2024-08-20 15:13:22,957 - csv_logger_handler - INFO - Obtenido el valor 35.00 de la hora 15 del mes de agosto
2024-08-20 15:13:22,957 - csv_logger_handler - INFO - Obtenido los valores mínimo 30.0 y máximo 60.0 del espacio cocina
2024-08-20 15:13:22,957 - csv_logger_handler - INFO - Obtenido los valores mínimo 30.0 y máximo 60.0 del espacio cocina
2024-08-20 15:13:47,695 - csv_logger_handler - INFO - Obtenido el valor 35.00 de la hora 15 del mes de agosto
2024-08-20 15:13:47,695 - csv_logger_handler - INFO - Obtenido los valores mínimo 30.0 y máximo 60.0 del espacio cocina
2024-08-20 15:13:47,695 - csv_logger_handler - INFO - Obtenido los valores mínimo 30.0 y máximo 60.0 del espacio cocina
2024-08-20 15:13:51,559 - csv_logger_handler - INFO - Obtenido el valor 35.00 de la hora 15 del mes de agosto
2024-08-20 15:13:51,559 - csv_logger_handler - INFO - Obtenido los valores mínimo 30.0 y máximo 60.0 del espacio cocina
2024-08-20 15:13:51,559 - csv_logger_handler - INFO - Obtenido los valores mínimo 30.0 y máximo 60.0 del espacio cocina
2024-08-20 15:13:52,766 - csv_logger_handler - INFO - Obtenido el valor 35.00 de la hora 15 del mes de agosto
2024-08-20 15:13:52,766 - csv_logger_handler - INFO - Obtenido los valores mínimo 30.0 y máximo 60.0 del espacio cocina
2024-08-20 15:13:52,766 - csv_logger_handler - INFO - Obtenido los valores mínimo 30.0 y máximo 60.0 del espacio cocina
2024-08-20 15:13:53,950 - csv_logger_handler - INFO - Obtenido el valor 35.00 de la hora 15 del mes de agosto
2024-08-20 15:13:53,950 - csv_logger_handler - INFO - Obtenido los valores mínimo 30.0 y máximo 60.0 del espacio cocina
2024-08-20 15:13:53,950 - csv_logger_handler - INFO - Obtenido los valores mínimo 30.0 y máximo 60.0 del espacio cocina
2024-08-20 15:13:55,076 - csv_logger_handler - INFO - Obtenido el valor 35.00 de la hora 15 del mes de agosto
2024-08-20 15:13:55,076 - csv_logger_handler - INFO - Obtenido los valores mínimo 30.0 y máximo 60.0 del espacio cocina
2024-08-20 15:13:55,076 - csv_logger_handler - INFO - Obtenido los valores mínimo 30.0 y máximo 60.0 del espacio cocina
2024-08-20 15:14:09,492 - csv_logger_handler - INFO - Obtenido el valor 35.00 de la hora 15 del mes de agosto
2024-08-20 15:14:09,492 - csv_logger_handler - INFO - Obtenido los valores mínimo 30.0 y máximo 60.0 del espacio cocina
2024-08-20 15:14:09,492 - csv_logger_handler - INFO - Obtenido los valores mínimo 30.0 y máximo 60.0 del espacio cocina
2024-08-20 15:14:10,639 - csv_logger_handler - INFO - Obtenido el valor 35.00 de la hora 15 del mes de agosto
2024-08-20 15:14:10,639 - csv_logger_handler - INFO - Obtenido los valores mínimo 30.0 y máximo 60.0 del espacio cocina
2024-08-20 15:14:10,639 - csv_logger_handler - INFO - Obtenido los valores mínimo 30.0 y máximo 60.0 del espacio cocina
2024-08-20 15:14:11,573 - csv_logger_handler - INFO - Obtenido el valor 35.00 de la hora 15 del mes de agosto
2024-08-20 15:14:11,574 - csv_logger_handler - INFO - Obtenido los valores mínimo 30.0 y máximo 60.0 del espacio cocina
2024-08-20 15:14:11,574 - csv_logger_handler - INFO - Obtenido los valores mínimo 30.0 y máximo 60.0 del espacio cocina
2024-08-20 15:14:12,561 - csv_logger_handler - INFO - Obtenido el valor 35.00 de la hora 15 del mes de agosto
2024-08-20 15:14:12,561 - csv_logger_handler - INFO - Obtenido los valores mínimo 30.0 y máximo 60.0 del espacio cocina
2024-08-20 15:14:12,561 - csv_logger_handler - INFO - Obtenido los valores mínimo 30.0 y máximo 60.0 del espacio cocina
2024-08-20 15:14:13,530 - csv_logger_handler - INFO - Obtenido el valor 35.00 de la hora 15 del mes de agosto
2024-08-20 15:14:13,531 - csv_logger_handler - INFO - Obtenido los valores mínimo 30.0 y máximo 60.0 del espacio cocina
2024-08-20 15:14:13,531 - csv_logger_handler - INFO - Obtenido los valores mínimo 30.0 y máximo 60.0 del espacio cocina
2024-08-20 15:14:14,472 - csv_logger_handler - INFO - Obtenido el valor 35.00 de la hora 15 del mes de agosto
2024-08-20 15:14:14,473 - csv_logger_handler - INFO - Obtenido los valores mínimo 30.0 y máximo 60.0 del espacio cocina
2024-08-20 15:14:14,473 - csv_logger_handler - INFO - Obtenido los valores mínimo 30.0 y máximo 60.0 del espacio cocina
2024-08-20 15:14:15,398 - csv_logger_handler - INFO - Obtenido el valor 35.00 de la hora 15 del mes de agosto
2024-08-20 15:14:15,398 - csv_logger_handler - INFO - Obtenido los valores mínimo 30.0 y máximo 60.0 del espacio cocina
2024-08-20 15:14:15,398 - csv_logger_handler - INFO - Obtenido los valores mínimo 30.0 y máximo 60.0 del espacio cocina
2024-08-20 15:14:16,473 - csv_logger_handler - INFO - Obtenido el valor 35.00 de la hora 15 del mes de agosto
2024-08-20 15:14:16,473 - csv_logger_handler - INFO - Obtenido los valores mínimo 30.0 y máximo 60.0 del espacio cocina
2024-08-20 15:14:16,473 - csv_logger_handler - INFO - Obtenido los valores mínimo 30.0 y máximo 60.0 del espacio cocina
2024-08-20 15:14:17,452 - csv_logger_handler - INFO - Obtenido el valor 35.00 de la hora 15 del mes de agosto
2024-08-20 15:14:17,452 - csv_logger_handler - INFO - Obtenido los valores mínimo 30.0 y máximo 60.0 del espacio cocina
2024-08-20 15:14:17,452 - csv_logger_handler - INFO - Obtenido los valores mínimo 30.0 y máximo 60.0 del espacio cocina
2024-08-20 15:14:18,287 - csv_logger_handler - INFO - Obtenido el valor 35.00 de la hora 15 del mes de agosto
2024-08-20 15:14:18,287 - csv_logger_handler - INFO - Obtenido los valores mínimo 30.0 y máximo 60.0 del espacio cocina
2024-08-20 15:14:18,287 - csv_logger_handler - INFO - Obtenido los valores mínimo 30.0 y máximo 60.0 del espacio cocina
2024-08-20 15:14:19,219 - csv_logger_handler - INFO - Obtenido el valor 35.00 de la hora 15 del mes de agosto
2024-08-20 15:14:19,220 - csv_logger_handler - INFO - Obtenido los valores mínimo 30.0 y máximo 60.0 del espacio cocina
2024-08-20 15:14:19,220 - csv_logger_handler - INFO - Obtenido los valores mínimo 30.0 y máximo 60.0 del espacio cocina
2024-08-20 15:14:20,200 - csv_logger_handler - INFO - Obtenido el valor 35.00 de la hora 15 del mes de agosto
2024-08-20 15:14:20,200 - csv_logger_handler - INFO - Obtenido los valores mínimo 30.0 y máximo 60.0 del espacio cocina
2024-08-20 15:14:20,200 - csv_logger_handler - INFO - Obtenido los valores mínimo 30.0 y máximo 60.0 del espacio cocina
2024-08-20 15:14:21,009 - csv_logger_handler - INFO - Obtenido el valor 35.00 de la hora 15 del mes de agosto
2024-08-20 15:14:21,009 - csv_logger_handler - INFO - Obtenido los valores mínimo 30.0 y máximo 60.0 del espacio cocina
2024-08-20 15:14:21,009 - csv_logger_handler - INFO - Obtenido los valores mínimo 30.0 y máximo 60.0 del espacio cocina
2024-08-20 15:14:21,854 - csv_logger_handler - INFO - Obtenido el valor 35.00 de la hora 15 del mes de agosto
2024-08-20 15:14:21,854 - csv_logger_handler - INFO - Obtenido los valores mínimo 30.0 y máximo 60.0 del espacio cocina
2024-08-20 15:14:21,854 - csv_logger_handler - INFO - Obtenido los valores mínimo 30.0 y máximo 60.0 del espacio cocina
2024-08-20 15:14:22,709 - csv_logger_handler - INFO - Obtenido el valor 35.00 de la hora 15 del mes de agosto
2024-08-20 15:14:22,710 - csv_logger_handler - INFO - Obtenido los valores mínimo 30.0 y máximo 60.0 del espacio cocina
2024-08-20 15:14:22,710 - csv_logger_handler - INFO - Obtenido los valores mínimo 30.0 y máximo 60.0 del espacio cocina
2024-08-20 15:14:23,494 - csv_logger_handler - INFO - Obtenido el valor 35.00 de la hora 15 del mes de agosto
2024-08-20 15:14:23,494 - csv_logger_handler - INFO - Obtenido los valores mínimo 30.0 y máximo 60.0 del espacio cocina
2024-08-20 15:14:23,494 - csv_logger_handler - INFO - Obtenido los valores mínimo 30.0 y máximo 60.0 del espacio cocina
2024-08-20 15:14:24,247 - csv_logger_handler - INFO - Obtenido el valor 35.00 de la hora 15 del mes de agosto
2024-08-20 15:14:24,248 - csv_logger_handler - INFO - Obtenido los valores mínimo 30.0 y máximo 60.0 del espacio cocina
2024-08-20 15:14:24,248 - csv_logger_handler - INFO - Obtenido los valores mínimo 30.0 y máximo 60.0 del espacio cocina
2024-08-20 15:14:25,039 - csv_logger_handler - INFO - Obtenido el valor 35.00 de la hora 15 del mes de agosto
2024-08-20 15:14:25,040 - csv_logger_handler - INFO - Obtenido los valores mínimo 30.0 y máximo 60.0 del espacio cocina
2024-08-20 15:14:25,040 - csv_logger_handler - INFO - Obtenido los valores mínimo 30.0 y máximo 60.0 del espacio cocina
2024-08-20 15:14:33,695 - csv_logger_handler - INFO - Obtenido el valor 35.00 de la hora 15 del mes de agosto
2024-08-20 15:14:33,696 - csv_logger_handler - INFO - Obtenido los valores mínimo 30.0 y máximo 60.0 del espacio cocina
2024-08-20 15:14:33,696 - csv_logger_handler - INFO - Obtenido los valores mínimo 30.0 y máximo 60.0 del espacio cocina
2024-08-20 15:14:35,508 - csv_logger_handler - INFO - Obtenido el valor 35.00 de la hora 15 del mes de agosto
2024-08-20 15:14:35,509 - csv_logger_handler - INFO - Obtenido los valores mínimo 30.0 y máximo 60.0 del espacio cocina
2024-08-20 15:14:35,509 - csv_logger_handler - INFO - Obtenido los valores mínimo 30.0 y máximo 60.0 del espacio cocina
2024-08-20 15:14:36,432 - csv_logger_handler - INFO - Obtenido el valor 35.00 de la hora 15 del mes de agosto
2024-08-20 15:14:36,432 - csv_logger_handler - INFO - Obtenido los valores mínimo 30.0 y máximo 60.0 del espacio cocina
2024-08-20 15:14:36,432 - csv_logger_handler - INFO - Obtenido los valores mínimo 30.0 y máximo 60.0 del espacio cocina
2024-08-20 15:17:53,863 - csv_logger_handler - INFO - Obtenido el valor 35.00 de la hora 15 del mes de agosto
2024-08-20 15:17:53,864 - csv_logger_handler - INFO - Obtenido los valores mínimo 30.0 y máximo 60.0 del espacio cocina
2024-08-20 15:17:53,864 - csv_logger_handler - INFO - Obtenido los valores mínimo 30.0 y máximo 60.0 del espacio cocina
2024-08-20 15:17:59,662 - csv_logger_handler - INFO - Obtenido el valor 35.00 de la hora 15 del mes de agosto
2024-08-20 15:17:59,662 - csv_logger_handler - INFO - Obtenido los valores mínimo 30.0 y máximo 60.0 del espacio cocina
2024-08-20 15:17:59,662 - csv_logger_handler - INFO - Obtenido los valores mínimo 30.0 y máximo 60.0 del espacio cocina
2024-08-20 15:18:05,493 - csv_logger_handler - INFO - Obtenido el valor 35.00 de la hora 15 del mes de agosto
2024-08-20 15:18:05,494 - csv_logger_handler - INFO - Obtenido los valores mínimo 30.0 y máximo 60.0 del espacio cocina
2024-08-20 15:18:05,494 - csv_logger_handler - INFO - Obtenido los valores mínimo 30.0 y máximo 60.0 del espacio cocina
2024-08-20 15:18:07,147 - csv_logger_handler - INFO - Obtenido el valor 35.00 de la hora 15 del mes de agosto
2024-08-20 15:18:07,148 - csv_logger_handler - INFO - Obtenido los valores mínimo 30.0 y máximo 60.0 del espacio cocina
2024-08-20 15:18:07,148 - csv_logger_handler - INFO - Obtenido los valores mínimo 30.0 y máximo 60.0 del espacio cocina
2024-08-20 15:18:08,467 - csv_logger_handler - INFO - Obtenido el valor 35.00 de la hora 15 del mes de agosto
2024-08-20 15:18:08,467 - csv_logger_handler - INFO - Obtenido los valores mínimo 30.0 y máximo 60.0 del espacio cocina
2024-08-20 15:18:08,467 - csv_logger_handler - INFO - Obtenido los valores mínimo 30.0 y máximo 60.0 del espacio cocina
2024-08-20 15:18:09,384 - csv_logger_handler - INFO - Obtenido el valor 35.00 de la hora 15 del mes de agosto
2024-08-20 15:18:09,384 - csv_logger_handler - INFO - Obtenido los valores mínimo 30.0 y máximo 60.0 del espacio cocina
2024-08-20 15:18:09,384 - csv_logger_handler - INFO - Obtenido los valores mínimo 30.0 y máximo 60.0 del espacio cocina
2024-08-20 15:18:10,254 - csv_logger_handler - INFO - Obtenido el valor 35.00 de la hora 15 del mes de agosto
2024-08-20 15:18:10,254 - csv_logger_handler - INFO - Obtenido los valores mínimo 30.0 y máximo 60.0 del espacio cocina
2024-08-20 15:18:10,254 - csv_logger_handler - INFO - Obtenido los valores mínimo 30.0 y máximo 60.0 del espacio cocina
2024-08-20 15:18:11,015 - csv_logger_handler - INFO - Obtenido el valor 35.00 de la hora 15 del mes de agosto
2024-08-20 15:18:11,015 - csv_logger_handler - INFO - Obtenido los valores mínimo 30.0 y máximo 60.0 del espacio cocina
2024-08-20 15:18:11,015 - csv_logger_handler - INFO - Obtenido los valores mínimo 30.0 y máximo 60.0 del espacio cocina
2024-08-20 15:18:25,846 - csv_logger_handler - INFO - Obtenido el valor 35.00 de la hora 15 del mes de agosto
2024-08-20 15:18:25,846 - csv_logger_handler - INFO - Obtenido los valores mínimo 30.0 y máximo 60.0 del espacio cocina
2024-08-20 15:18:25,846 - csv_logger_handler - INFO - Obtenido los valores mínimo 30.0 y máximo 60.0 del espacio cocina
2024-08-20 15:18:36,266 - csv_logger_handler - INFO - Obtenido el valor 35.00 de la hora 15 del mes de agosto
2024-08-20 15:18:36,266 - csv_logger_handler - INFO - Obtenido los valores mínimo 30.0 y máximo 60.0 del espacio cocina
2024-08-20 15:18:36,266 - csv_logger_handler - INFO - Obtenido los valores mínimo 30.0 y máximo 60.0 del espacio cocina
2024-08-20 15:18:40,795 - csv_logger_handler - INFO - Obtenido el valor 35.00 de la hora 15 del mes de agosto
2024-08-20 15:18:40,796 - csv_logger_handler - INFO - Obtenido los valores mínimo 30.0 y máximo 60.0 del espacio cocina
2024-08-20 15:18:40,796 - csv_logger_handler - INFO - Obtenido los valores mínimo 30.0 y máximo 60.0 del espacio cocina
