2024-08-05 08:50:24,951 - factores_externos - INFO - Clave "temperatura" actualizada en la sección "valores_magnitudes" con el valor: 31.56 (<class 'float'>)
2024-08-05 08:50:24,953 - factores_externos - INFO - Clave "humedad" actualizada en la sección "valores_magnitudes" con el valor: 49.7 (<class 'float'>)
2024-08-05 08:50:24,953 - factores_externos - INFO - Clave "lux" actualizada en la sección "valores_magnitudes" con el valor: 4465.1 (<class 'float'>)
2024-08-05 08:51:20,595 - factores_externos - INFO - Clave "temperatura" actualizada en la sección "valores_magnitudes" con el valor: 32.14 (<class 'float'>)
2024-08-05 08:51:20,597 - factores_externos - INFO - Clave "humedad" actualizada en la sección "valores_magnitudes" con el valor: 51.51 (<class 'float'>)
2024-08-05 08:51:20,597 - factores_externos - INFO - Clave "lux" actualizada en la sección "valores_magnitudes" con el valor: 4465.1 (<class 'float'>)
2024-08-05 09:07:52,070 - factores_externos - INFO - Clave "temperatura" actualizada en la sección "valores_magnitudes" con el valor: 33.48 (<class 'float'>)
2024-08-05 09:07:52,070 - factores_externos - INFO - Clave "humedad" actualizada en la sección "valores_magnitudes" con el valor: 44.07 (<class 'float'>)
2024-08-05 09:07:52,071 - factores_externos - INFO - Clave "lux" actualizada en la sección "valores_magnitudes" con el valor: 4465.1 (<class 'float'>)
2024-08-05 09:08:03,793 - factores_externos - INFO - Clave "temperatura" actualizada en la sección "valores_magnitudes" con el valor: 32.72 (<class 'float'>)
2024-08-05 09:08:03,797 - factores_externos - INFO - Clave "humedad" actualizada en la sección "valores_magnitudes" con el valor: 40.75 (<class 'float'>)
2024-08-05 09:08:03,798 - factores_externos - INFO - Clave "lux" actualizada en la sección "valores_magnitudes" con el valor: 4465.1 (<class 'float'>)
2024-08-05 09:22:02,062 - factores_externos - INFO - Clave "temperatura" actualizada en la sección "valores_magnitudes" con el valor: 31.73 (<class 'float'>)
2024-08-05 09:22:02,064 - factores_externos - INFO - Clave "humedad" actualizada en la sección "valores_magnitudes" con el valor: 46.65 (<class 'float'>)
2024-08-05 09:22:02,064 - factores_externos - INFO - Clave "lux" actualizada en la sección "valores_magnitudes" con el valor: 4465.1 (<class 'float'>)
2024-08-05 09:23:01,543 - factores_externos - INFO - Clave "temperatura" actualizada en la sección "valores_magnitudes" con el valor: 32.25 (<class 'float'>)
2024-08-05 09:23:01,545 - factores_externos - INFO - Clave "humedad" actualizada en la sección "valores_magnitudes" con el valor: 55.91 (<class 'float'>)
2024-08-05 09:23:01,546 - factores_externos - INFO - Clave "lux" actualizada en la sección "valores_magnitudes" con el valor: 4465.1 (<class 'float'>)
2024-08-05 09:24:02,051 - factores_externos - INFO - Clave "temperatura" actualizada en la sección "valores_magnitudes" con el valor: 31.79 (<class 'float'>)
2024-08-05 09:24:02,053 - factores_externos - INFO - Clave "humedad" actualizada en la sección "valores_magnitudes" con el valor: 38.69 (<class 'float'>)
2024-08-05 09:24:02,054 - factores_externos - INFO - Clave "lux" actualizada en la sección "valores_magnitudes" con el valor: 4465.1 (<class 'float'>)
2024-08-05 09:25:01,552 - factores_externos - INFO - Clave "temperatura" actualizada en la sección "valores_magnitudes" con el valor: 32.55 (<class 'float'>)
2024-08-05 09:25:01,554 - factores_externos - INFO - Clave "humedad" actualizada en la sección "valores_magnitudes" con el valor: 48.35 (<class 'float'>)
2024-08-05 09:25:01,555 - factores_externos - INFO - Clave "lux" actualizada en la sección "valores_magnitudes" con el valor: 4465.1 (<class 'float'>)
2024-08-05 09:26:02,001 - factores_externos - INFO - Clave "temperatura" actualizada en la sección "valores_magnitudes" con el valor: 31.97 (<class 'float'>)
2024-08-05 09:26:02,003 - factores_externos - INFO - Clave "humedad" actualizada en la sección "valores_magnitudes" con el valor: 34.66 (<class 'float'>)
2024-08-05 09:26:02,004 - factores_externos - INFO - Clave "lux" actualizada en la sección "valores_magnitudes" con el valor: 4465.1 (<class 'float'>)
2024-08-05 09:27:01,482 - factores_externos - INFO - Clave "temperatura" actualizada en la sección "valores_magnitudes" con el valor: 32.39 (<class 'float'>)
2024-08-05 09:27:01,484 - factores_externos - INFO - Clave "humedad" actualizada en la sección "valores_magnitudes" con el valor: 41.91 (<class 'float'>)
2024-08-05 09:27:01,485 - factores_externos - INFO - Clave "lux" actualizada en la sección "valores_magnitudes" con el valor: 4465.1 (<class 'float'>)
2024-08-05 09:28:01,971 - factores_externos - INFO - Clave "temperatura" actualizada en la sección "valores_magnitudes" con el valor: 32.58 (<class 'float'>)
2024-08-05 09:28:01,973 - factores_externos - INFO - Clave "humedad" actualizada en la sección "valores_magnitudes" con el valor: 51.46 (<class 'float'>)
2024-08-05 09:28:01,973 - factores_externos - INFO - Clave "lux" actualizada en la sección "valores_magnitudes" con el valor: 4465.1 (<class 'float'>)
2024-08-07 07:24:08,642 - factores_externos - INFO - Clave "temperatura" actualizada en la sección "valores_magnitudes" con el valor: 32.67 (<class 'float'>)
2024-08-07 07:24:08,645 - factores_externos - INFO - Clave "humedad" actualizada en la sección "valores_magnitudes" con el valor: 47.46 (<class 'float'>)
2024-08-07 07:24:08,645 - factores_externos - INFO - Clave "lux" actualizada en la sección "valores_magnitudes" con el valor: 4465.1 (<class 'float'>)
2024-08-07 07:28:20,628 - factores_externos - INFO - Clave "temperatura" actualizada en la sección "valores_magnitudes" con el valor: 17.29 (<class 'float'>)
2024-08-07 07:28:20,630 - factores_externos - INFO - Clave "humedad" actualizada en la sección "valores_magnitudes" con el valor: 43.81 (<class 'float'>)
2024-08-07 07:28:20,631 - factores_externos - INFO - Clave "lux" actualizada en la sección "valores_magnitudes" con el valor: 2040.43 (<class 'float'>)
2024-08-07 07:28:29,738 - factores_externos - INFO - Clave "temperatura" actualizada en la sección "valores_magnitudes" con el valor: 17.52 (<class 'float'>)
2024-08-07 07:28:29,739 - factores_externos - INFO - Clave "humedad" actualizada en la sección "valores_magnitudes" con el valor: 49.79 (<class 'float'>)
2024-08-07 07:28:29,740 - factores_externos - INFO - Clave "lux" actualizada en la sección "valores_magnitudes" con el valor: 2040.43 (<class 'float'>)
2024-08-07 07:28:31,062 - factores_externos - INFO - Clave "temperatura" actualizada en la sección "valores_magnitudes" con el valor: 16.9 (<class 'float'>)
2024-08-07 07:28:31,062 - factores_externos - INFO - Clave "humedad" actualizada en la sección "valores_magnitudes" con el valor: 39.6 (<class 'float'>)
2024-08-07 07:28:31,063 - factores_externos - INFO - Clave "lux" actualizada en la sección "valores_magnitudes" con el valor: 2040.43 (<class 'float'>)
2024-08-07 07:28:31,892 - factores_externos - INFO - Clave "temperatura" actualizada en la sección "valores_magnitudes" con el valor: 17.0 (<class 'float'>)
2024-08-07 07:28:31,894 - factores_externos - INFO - Clave "humedad" actualizada en la sección "valores_magnitudes" con el valor: 44.59 (<class 'float'>)
2024-08-07 07:28:31,895 - factores_externos - INFO - Clave "lux" actualizada en la sección "valores_magnitudes" con el valor: 2040.43 (<class 'float'>)
2024-08-07 07:30:20,988 - factores_externos - INFO - Clave "temperatura" actualizada en la sección "valores_magnitudes" con el valor: 18.83 (<class 'float'>)
2024-08-07 07:30:20,989 - factores_externos - INFO - Clave "humedad" actualizada en la sección "valores_magnitudes" con el valor: 47.42 (<class 'float'>)
2024-08-07 07:30:20,990 - factores_externos - INFO - Clave "lux" actualizada en la sección "valores_magnitudes" con el valor: -865.66 (<class 'float'>)
2024-08-07 07:30:24,188 - factores_externos - INFO - Clave "temperatura" actualizada en la sección "valores_magnitudes" con el valor: 18.66 (<class 'float'>)
2024-08-07 07:30:24,190 - factores_externos - INFO - Clave "humedad" actualizada en la sección "valores_magnitudes" con el valor: 41.46 (<class 'float'>)
2024-08-07 07:30:24,190 - factores_externos - INFO - Clave "lux" actualizada en la sección "valores_magnitudes" con el valor: -865.66 (<class 'float'>)
2024-08-07 07:30:31,870 - factores_externos - INFO - Clave "temperatura" actualizada en la sección "valores_magnitudes" con el valor: 15.22 (<class 'float'>)
2024-08-07 07:30:31,872 - factores_externos - INFO - Clave "humedad" actualizada en la sección "valores_magnitudes" con el valor: 47.99 (<class 'float'>)
2024-08-07 07:30:31,873 - factores_externos - INFO - Clave "lux" actualizada en la sección "valores_magnitudes" con el valor: -2213.6 (<class 'float'>)
2024-08-07 07:31:13,704 - factores_externos - INFO - Clave "temperatura" actualizada en la sección "valores_magnitudes" con el valor: 15.28 (<class 'float'>)
2024-08-07 07:31:13,706 - factores_externos - INFO - Clave "humedad" actualizada en la sección "valores_magnitudes" con el valor: 44.36 (<class 'float'>)
2024-08-07 07:31:13,706 - factores_externos - INFO - Clave "lux" actualizada en la sección "valores_magnitudes" con el valor: -2213.6 (<class 'float'>)
2024-08-07 07:39:47,537 - factores_externos - INFO - Clave "temperatura" actualizada en la sección "valores_magnitudes" con el valor: 14.96 (<class 'float'>)
2024-08-07 07:39:47,539 - factores_externos - INFO - Clave "humedad" actualizada en la sección "valores_magnitudes" con el valor: 50.31 (<class 'float'>)
2024-08-07 07:39:47,540 - factores_externos - INFO - Clave "lux" actualizada en la sección "valores_magnitudes" con el valor: -2213.6 (<class 'float'>)
2024-08-07 07:53:38,550 - factores_externos - INFO - Clave "temperatura" actualizada en la sección "valores_magnitudes" con el valor: 14.48 (<class 'float'>)
2024-08-07 07:53:38,552 - factores_externos - INFO - Clave "humedad" actualizada en la sección "valores_magnitudes" con el valor: 50.28 (<class 'float'>)
2024-08-07 07:53:38,553 - factores_externos - INFO - Clave "lux" actualizada en la sección "valores_magnitudes" con el valor: -2213.6 (<class 'float'>)
2024-08-07 07:54:38,979 - factores_externos - INFO - Clave "temperatura" actualizada en la sección "valores_magnitudes" con el valor: 14.33 (<class 'float'>)
2024-08-07 07:54:38,980 - factores_externos - INFO - Clave "humedad" actualizada en la sección "valores_magnitudes" con el valor: 41.24 (<class 'float'>)
2024-08-07 07:54:38,980 - factores_externos - INFO - Clave "lux" actualizada en la sección "valores_magnitudes" con el valor: -2213.6 (<class 'float'>)
2024-08-07 07:59:42,865 - factores_externos - INFO - Clave "temperatura" actualizada en la sección "valores_magnitudes" con el valor: 14.33 (<class 'float'>)
2024-08-07 07:59:42,866 - factores_externos - INFO - Clave "humedad" actualizada en la sección "valores_magnitudes" con el valor: 37.86 (<class 'float'>)
2024-08-07 07:59:42,866 - factores_externos - INFO - Clave "lux" actualizada en la sección "valores_magnitudes" con el valor: -2213.6 (<class 'float'>)
2024-08-07 07:59:58,342 - factores_externos - INFO - Clave "temperatura" actualizada en la sección "valores_magnitudes" con el valor: 14.95 (<class 'float'>)
2024-08-07 07:59:58,344 - factores_externos - INFO - Clave "humedad" actualizada en la sección "valores_magnitudes" con el valor: 45.36 (<class 'float'>)
2024-08-07 07:59:58,345 - factores_externos - INFO - Clave "lux" actualizada en la sección "valores_magnitudes" con el valor: -2213.6 (<class 'float'>)
2024-08-07 08:01:35,646 - factores_externos - INFO - Clave "temperatura" actualizada en la sección "valores_magnitudes" con el valor: 14.91 (<class 'float'>)
2024-08-07 08:01:35,647 - factores_externos - INFO - Clave "humedad" actualizada en la sección "valores_magnitudes" con el valor: 40.87 (<class 'float'>)
2024-08-07 08:01:35,648 - factores_externos - INFO - Clave "lux" actualizada en la sección "valores_magnitudes" con el valor: -2213.6 (<class 'float'>)
2024-08-07 08:03:47,594 - factores_externos - INFO - Clave "temperatura" actualizada en la sección "valores_magnitudes" con el valor: 14.14 (<class 'float'>)
2024-08-07 08:03:47,595 - factores_externos - INFO - Clave "humedad" actualizada en la sección "valores_magnitudes" con el valor: 42.12 (<class 'float'>)
2024-08-07 08:03:47,595 - factores_externos - INFO - Clave "lux" actualizada en la sección "valores_magnitudes" con el valor: 5 (<class 'int'>)
2024-08-07 08:04:13,103 - factores_externos - INFO - Clave "temperatura" actualizada en la sección "valores_magnitudes" con el valor: 14.19 (<class 'float'>)
2024-08-07 08:04:13,104 - factores_externos - INFO - Clave "humedad" actualizada en la sección "valores_magnitudes" con el valor: 46.26 (<class 'float'>)
2024-08-07 08:04:13,104 - factores_externos - INFO - Clave "lux" actualizada en la sección "valores_magnitudes" con el valor: 5 (<class 'int'>)
2024-08-07 08:04:24,303 - factores_externos - INFO - Clave "temperatura" actualizada en la sección "valores_magnitudes" con el valor: 15.37 (<class 'float'>)
2024-08-07 08:04:24,304 - factores_externos - INFO - Clave "humedad" actualizada en la sección "valores_magnitudes" con el valor: 52.99 (<class 'float'>)
2024-08-07 08:04:24,305 - factores_externos - INFO - Clave "lux" actualizada en la sección "valores_magnitudes" con el valor: 5 (<class 'int'>)
2024-08-07 09:11:31,625 - factores_externos - ERROR - Sección o clave no encontrada
2024-08-07 09:12:20,471 - factores_externos - ERROR - Sección o clave no encontrada
2024-08-07 09:12:28,689 - factores_externos - ERROR - Sección o clave no encontrada
2024-08-07 09:13:35,955 - factores_externos - ERROR - Sección o clave no encontrada
2024-08-07 09:14:00,730 - factores_externos - ERROR - Sección o clave no encontrada
2024-08-07 09:15:38,189 - factores_externos - INFO - Clave "temperatura" actualizada en la sección "valores_magnitudes" con el valor: 15.32 (<class 'float'>)
2024-08-07 09:15:38,190 - factores_externos - INFO - Clave "humedad" actualizada en la sección "valores_magnitudes" con el valor: 48.84 (<class 'float'>)
2024-08-07 09:15:38,190 - factores_externos - INFO - Clave "lux" actualizada en la sección "valores_magnitudes" con el valor: 4.05 (<class 'float'>)
2024-08-07 09:15:55,012 - factores_externos - INFO - Clave "temperatura" actualizada en la sección "valores_magnitudes" con el valor: 15.3 (<class 'float'>)
2024-08-07 09:15:55,015 - factores_externos - INFO - Clave "humedad" actualizada en la sección "valores_magnitudes" con el valor: 43.45 (<class 'float'>)
2024-08-07 09:15:55,016 - factores_externos - INFO - Clave "lux" actualizada en la sección "valores_magnitudes" con el valor: 4.05 (<class 'float'>)
2024-08-07 10:05:23,156 - factores_externos - INFO - Clave "temperatura" actualizada en la sección "valores_magnitudes" con el valor: 14.79 (<class 'float'>)
2024-08-07 10:05:23,156 - factores_externos - INFO - Clave "humedad" actualizada en la sección "valores_magnitudes" con el valor: 45.12 (<class 'float'>)
2024-08-07 10:05:23,157 - factores_externos - INFO - Clave "lux" actualizada en la sección "valores_magnitudes" con el valor: 4.8 (<class 'float'>)
2024-08-07 10:07:09,428 - factores_externos - INFO - Clave "temperatura" actualizada en la sección "valores_magnitudes" con el valor: 14.05 (<class 'float'>)
2024-08-07 10:07:09,429 - factores_externos - INFO - Clave "humedad" actualizada en la sección "valores_magnitudes" con el valor: 47.89 (<class 'float'>)
2024-08-07 10:07:09,429 - factores_externos - INFO - Clave "lux" actualizada en la sección "valores_magnitudes" con el valor: 4.34 (<class 'float'>)
2024-08-07 10:07:30,966 - factores_externos - INFO - Clave "temperatura" actualizada en la sección "valores_magnitudes" con el valor: 14.92 (<class 'float'>)
2024-08-07 10:07:30,968 - factores_externos - INFO - Clave "humedad" actualizada en la sección "valores_magnitudes" con el valor: 46.26 (<class 'float'>)
2024-08-07 10:07:30,968 - factores_externos - INFO - Clave "lux" actualizada en la sección "valores_magnitudes" con el valor: 1174.38 (<class 'float'>)
2024-08-07 10:07:41,418 - factores_externos - INFO - Clave "temperatura" actualizada en la sección "valores_magnitudes" con el valor: 13.06 (<class 'float'>)
2024-08-07 10:07:41,419 - factores_externos - INFO - Clave "humedad" actualizada en la sección "valores_magnitudes" con el valor: 52.67 (<class 'float'>)
2024-08-07 10:07:41,419 - factores_externos - INFO - Clave "lux" actualizada en la sección "valores_magnitudes" con el valor: 0.0 (<class 'float'>)
2024-08-07 10:07:46,750 - factores_externos - INFO - Clave "temperatura" actualizada en la sección "valores_magnitudes" con el valor: 13.66 (<class 'float'>)
2024-08-07 10:07:46,752 - factores_externos - INFO - Clave "humedad" actualizada en la sección "valores_magnitudes" con el valor: 43.79 (<class 'float'>)
2024-08-07 10:07:46,752 - factores_externos - INFO - Clave "lux" actualizada en la sección "valores_magnitudes" con el valor: 1354.23 (<class 'float'>)
2024-08-07 10:07:59,130 - factores_externos - INFO - Clave "temperatura" actualizada en la sección "valores_magnitudes" con el valor: 13.9 (<class 'float'>)
2024-08-07 10:07:59,132 - factores_externos - INFO - Clave "humedad" actualizada en la sección "valores_magnitudes" con el valor: 46.71 (<class 'float'>)
2024-08-07 10:07:59,132 - factores_externos - INFO - Clave "lux" actualizada en la sección "valores_magnitudes" con el valor: 1300.4 (<class 'float'>)
2024-08-07 10:09:38,250 - factores_externos - INFO - Clave "temperatura" actualizada en la sección "valores_magnitudes" con el valor: 14.89 (<class 'float'>)
2024-08-07 10:09:38,251 - factores_externos - INFO - Clave "humedad" actualizada en la sección "valores_magnitudes" con el valor: 48.12 (<class 'float'>)
2024-08-07 10:09:38,251 - factores_externos - INFO - Clave "lux" actualizada en la sección "valores_magnitudes" con el valor: 1300.4 (<class 'float'>)
2024-08-07 10:20:21,977 - factores_externos - INFO - Clave "temperatura" actualizada en la sección "valores_magnitudes" con el valor: 14.77 (<class 'float'>)
2024-08-07 10:20:21,978 - factores_externos - INFO - Clave "humedad" actualizada en la sección "valores_magnitudes" con el valor: 49.57 (<class 'float'>)
2024-08-07 10:20:21,979 - factores_externos - INFO - Clave "lux" actualizada en la sección "valores_magnitudes" con el valor: 1300.4 (<class 'float'>)
2024-08-07 10:23:52,120 - factores_externos - INFO - Clave "temperatura" actualizada en la sección "valores_magnitudes" con el valor: 15.73 (<class 'float'>)
2024-08-07 10:23:52,120 - factores_externos - INFO - Clave "humedad" actualizada en la sección "valores_magnitudes" con el valor: 42.85 (<class 'float'>)
2024-08-07 10:23:52,121 - factores_externos - INFO - Clave "lux" actualizada en la sección "valores_magnitudes" con el valor: 4.8 (<class 'float'>)
2024-08-07 10:24:14,696 - factores_externos - INFO - Clave "temperatura" actualizada en la sección "valores_magnitudes" con el valor: 15.93 (<class 'float'>)
2024-08-07 10:24:14,701 - factores_externos - INFO - Clave "humedad" actualizada en la sección "valores_magnitudes" con el valor: 46.79 (<class 'float'>)
2024-08-07 10:24:14,702 - factores_externos - INFO - Clave "lux" actualizada en la sección "valores_magnitudes" con el valor: 3.74 (<class 'float'>)
2024-08-07 10:24:37,408 - factores_externos - INFO - Clave "temperatura" actualizada en la sección "valores_magnitudes" con el valor: 16.56 (<class 'float'>)
2024-08-07 10:24:37,409 - factores_externos - INFO - Clave "humedad" actualizada en la sección "valores_magnitudes" con el valor: 49.91 (<class 'float'>)
2024-08-07 10:24:37,409 - factores_externos - INFO - Clave "lux" actualizada en la sección "valores_magnitudes" con el valor: 373.61 (<class 'float'>)
2024-08-07 10:24:52,467 - factores_externos - INFO - Clave "temperatura" actualizada en la sección "valores_magnitudes" con el valor: 15.17 (<class 'float'>)
2024-08-07 10:24:52,470 - factores_externos - INFO - Clave "humedad" actualizada en la sección "valores_magnitudes" con el valor: 42.0 (<class 'float'>)
2024-08-07 10:24:52,471 - factores_externos - INFO - Clave "lux" actualizada en la sección "valores_magnitudes" con el valor: 458.16 (<class 'float'>)
2024-08-07 10:28:25,246 - factores_externos - INFO - Clave "temperatura" actualizada en la sección "valores_magnitudes" con el valor: 15.21 (<class 'float'>)
2024-08-07 10:28:25,249 - factores_externos - INFO - Clave "humedad" actualizada en la sección "valores_magnitudes" con el valor: 59.01 (<class 'float'>)
2024-08-07 10:28:25,249 - factores_externos - INFO - Clave "lux" actualizada en la sección "valores_magnitudes" con el valor: 500 (<class 'int'>)
2024-08-07 10:28:26,466 - factores_externos - INFO - Clave "temperatura" actualizada en la sección "valores_magnitudes" con el valor: 15.53 (<class 'float'>)
2024-08-07 10:28:26,467 - factores_externos - INFO - Clave "humedad" actualizada en la sección "valores_magnitudes" con el valor: 51.77 (<class 'float'>)
2024-08-07 10:28:26,467 - factores_externos - INFO - Clave "lux" actualizada en la sección "valores_magnitudes" con el valor: 500 (<class 'int'>)
2024-08-07 10:28:33,975 - factores_externos - INFO - Clave "temperatura" actualizada en la sección "valores_magnitudes" con el valor: 15.06 (<class 'float'>)
2024-08-07 10:28:33,977 - factores_externos - INFO - Clave "humedad" actualizada en la sección "valores_magnitudes" con el valor: 32.22 (<class 'float'>)
2024-08-07 10:28:33,977 - factores_externos - INFO - Clave "lux" actualizada en la sección "valores_magnitudes" con el valor: 500 (<class 'int'>)
2024-08-07 10:28:39,920 - factores_externos - INFO - Clave "temperatura" actualizada en la sección "valores_magnitudes" con el valor: 15.31 (<class 'float'>)
2024-08-07 10:28:39,923 - factores_externos - INFO - Clave "humedad" actualizada en la sección "valores_magnitudes" con el valor: 51.58 (<class 'float'>)
2024-08-07 10:28:39,924 - factores_externos - INFO - Clave "lux" actualizada en la sección "valores_magnitudes" con el valor: 4.34 (<class 'float'>)
2024-08-07 10:28:44,861 - factores_externos - INFO - Clave "temperatura" actualizada en la sección "valores_magnitudes" con el valor: 16.4 (<class 'float'>)
2024-08-07 10:28:44,864 - factores_externos - INFO - Clave "humedad" actualizada en la sección "valores_magnitudes" con el valor: 52.63 (<class 'float'>)
2024-08-07 10:28:44,864 - factores_externos - INFO - Clave "lux" actualizada en la sección "valores_magnitudes" con el valor: 2.89 (<class 'float'>)
